#
# There is insufficient memory for the Java Runtime Environment to continue.
# Native memory allocation (mmap) failed to map 12582912 bytes for G1 virtual space
# Possible reasons:
#   The system is out of physical RAM or swap space
#   The process is running with CompressedOops enabled, and the Java Heap may be blocking the growth of the native heap
# Possible solutions:
#   Reduce memory load on the system
#   Increase physical memory or swap space
#   Check if swap backing store is full
#   Decrease Java heap size (-Xmx/-Xms)
#   Decrease number of Java threads
#   Decrease Java thread stack sizes (-Xss)
#   Set larger code cache with -XX:ReservedCodeCacheSize=
#   JVM is running with Unscaled Compressed Oops mode in which the Java heap is
#     placed in the first 4GB address space. The Java Heap base address is the
#     maximum limit for the native heap growth. Please use -XX:HeapBaseMinAddress
#     to set the Java Heap base and to place the Java Heap above 4GB virtual address.
# This output file may be truncated or incomplete.
#
#  Out of Memory Error (os_windows.cpp:3469), pid=7672, tid=15700
#
# JRE version: OpenJDK Runtime Environment Temurin-17.0.1+12 (17.0.1+12) (build 17.0.1+12)
# Java VM: OpenJDK 64-Bit Server VM Temurin-17.0.1+12 (17.0.1+12, mixed mode, tiered, compressed oops, compressed class ptrs, g1 gc, windows-amd64)
# No core dump will be written. Minidumps are not enabled by default on client versions of Windows
#

---------------  S U M M A R Y ------------

Command Line: -Dfile.encoding=Cp1252 -XX:+ShowCodeDetailsInExceptionMessages com.recode.SistemaVendasApplication

Host: Intel(R) Core(TM) i3-3130M CPU @ 2.60GHz, 4 cores, 7G,  Windows 10 , 64 bit Build 22000 (10.0.22000.434)
Time: Fri Mar 18 17:32:19 2022 Hora oficial do Brasil elapsed time: 4384.652349 seconds (0d 1h 13m 4s)

---------------  T H R E A D  ---------------

Current thread (0x000001e69b4d9460):  VMThread "VM Thread" [stack: 0x000000a7d9800000,0x000000a7d9900000] [id=15700]

Stack: [0x000000a7d9800000,0x000000a7d9900000]
Native frames: (J=compiled Java code, j=interpreted, Vv=VM code, C=native code)
V  [jvm.dll+0x6744da]
V  [jvm.dll+0x82e144]
V  [jvm.dll+0x82f8ee]
V  [jvm.dll+0x82ff53]
V  [jvm.dll+0x245175]
V  [jvm.dll+0x6714c9]
V  [jvm.dll+0x665f92]
V  [jvm.dll+0x303c3b]
V  [jvm.dll+0x30b176]
V  [jvm.dll+0x35af1e]
V  [jvm.dll+0x35b14f]
V  [jvm.dll+0x2dab78]
V  [jvm.dll+0x2d8e2c]
V  [jvm.dll+0x2d83fc]
V  [jvm.dll+0x31c24b]
V  [jvm.dll+0x8343bb]
V  [jvm.dll+0x8350f4]
V  [jvm.dll+0x83560c]
V  [jvm.dll+0x8359e4]
V  [jvm.dll+0x835ab0]
V  [jvm.dll+0x7de51a]
V  [jvm.dll+0x673305]
C  [ucrtbase.dll+0x26c0c]
C  [KERNEL32.DLL+0x154e0]
C  [ntdll.dll+0x485b]

VM_Operation (0x000000a7dacfd550): G1CollectForAllocation, mode: safepoint, requested by thread 0x000001e6a1299a10


---------------  P R O C E S S  ---------------

Threads class SMR info:
_java_thread_list=0x000001e69ca1d320, length=31, elements={
0x000001e69b4e22d0, 0x000001e69b4e3b60, 0x000001e69c008490, 0x000001e69c009d60,
0x000001e69c00a620, 0x000001e69c00afd0, 0x000001e69c00f1b0, 0x000001e69c016860,
0x000001e69c06f5e0, 0x000001e69c16b150, 0x000001e69c171010, 0x000001e6a00cf230,
0x000001e69ff5bf80, 0x000001e69e224cf0, 0x000001e6a02d2340, 0x000001e6a0e6a930,
0x000001e6a0e69ac0, 0x000001e6a0e6a460, 0x000001e6a0e69f90, 0x000001e6a1299070,
0x000001e6a12986d0, 0x000001e6a129a880, 0x000001e6a129a3b0, 0x000001e6a1299a10,
0x000001e6a1298ba0, 0x000001e6a129b6f0, 0x000001e6a1299ee0, 0x000001e6a129ad50,
0x000001e6a129b220, 0x000001e6a129bbc0, 0x000001e6a1298200
}

Java Threads: ( => current thread )
  0x000001e69b4e22d0 JavaThread "Reference Handler" daemon [_thread_blocked, id=16820, stack(0x000000a7d9900000,0x000000a7d9a00000)]
  0x000001e69b4e3b60 JavaThread "Finalizer" daemon [_thread_blocked, id=6904, stack(0x000000a7d9a00000,0x000000a7d9b00000)]
  0x000001e69c008490 JavaThread "Signal Dispatcher" daemon [_thread_blocked, id=1900, stack(0x000000a7d9c00000,0x000000a7d9d00000)]
  0x000001e69c009d60 JavaThread "Attach Listener" daemon [_thread_blocked, id=17404, stack(0x000000a7d9d00000,0x000000a7d9e00000)]
  0x000001e69c00a620 JavaThread "Service Thread" daemon [_thread_blocked, id=14072, stack(0x000000a7d9e00000,0x000000a7d9f00000)]
  0x000001e69c00afd0 JavaThread "Monitor Deflation Thread" daemon [_thread_blocked, id=14016, stack(0x000000a7d9f00000,0x000000a7da000000)]
  0x000001e69c00f1b0 JavaThread "C2 CompilerThread0" daemon [_thread_blocked, id=10908, stack(0x000000a7da000000,0x000000a7da100000)]
  0x000001e69c016860 JavaThread "C1 CompilerThread0" daemon [_thread_blocked, id=14356, stack(0x000000a7da100000,0x000000a7da200000)]
  0x000001e69c06f5e0 JavaThread "Sweeper thread" daemon [_thread_blocked, id=8996, stack(0x000000a7da200000,0x000000a7da300000)]
  0x000001e69c16b150 JavaThread "Notification Thread" daemon [_thread_blocked, id=16332, stack(0x000000a7da300000,0x000000a7da400000)]
  0x000001e69c171010 JavaThread "Common-Cleaner" daemon [_thread_blocked, id=17400, stack(0x000000a7da500000,0x000000a7da600000)]
  0x000001e6a00cf230 JavaThread "Catalina-utility-1" [_thread_blocked, id=17476, stack(0x000000a7dad00000,0x000000a7dae00000)]
  0x000001e69ff5bf80 JavaThread "Catalina-utility-2" [_thread_blocked, id=17540, stack(0x000000a7dae00000,0x000000a7daf00000)]
  0x000001e69e224cf0 JavaThread "container-0" [_thread_blocked, id=7728, stack(0x000000a7daf00000,0x000000a7db000000)]
  0x000001e6a02d2340 JavaThread "mysql-cj-abandoned-connection-cleanup" daemon [_thread_blocked, id=18460, stack(0x000000a7db000000,0x000000a7db100000)]
  0x000001e6a0e6a930 JavaThread "HikariPool-1 housekeeper" daemon [_thread_blocked, id=17740, stack(0x000000a7db200000,0x000000a7db300000)]
  0x000001e6a0e69ac0 JavaThread "File Watcher" daemon [_thread_blocked, id=8888, stack(0x000000a7db400000,0x000000a7db500000)]
  0x000001e6a0e6a460 JavaThread "Live Reload Server" daemon [_thread_in_native, id=7564, stack(0x000000a7db600000,0x000000a7db700000)]
  0x000001e6a0e69f90 JavaThread "http-nio-8080-Poller" daemon [_thread_in_native, id=12660, stack(0x000000a7db500000,0x000000a7db600000)]
  0x000001e6a1299070 JavaThread "http-nio-8080-Acceptor" daemon [_thread_in_native, id=16448, stack(0x000000a7db700000,0x000000a7db800000)]
  0x000001e6a12986d0 JavaThread "DestroyJavaVM" [_thread_blocked, id=16212, stack(0x000000a7d9100000,0x000000a7d9200000)]
  0x000001e6a129a880 JavaThread "http-nio-8080-exec-1" daemon [_thread_blocked, id=7444, stack(0x000000a7da600000,0x000000a7da700000)]
  0x000001e6a129a3b0 JavaThread "http-nio-8080-exec-2" daemon [_thread_blocked, id=18164, stack(0x000000a7dab00000,0x000000a7dac00000)]
  0x000001e6a1299a10 JavaThread "http-nio-8080-exec-3" daemon [_thread_blocked, id=18664, stack(0x000000a7dac00000,0x000000a7dad00000)]
  0x000001e6a1298ba0 JavaThread "http-nio-8080-exec-4" daemon [_thread_blocked, id=18464, stack(0x000000a7db900000,0x000000a7dba00000)]
  0x000001e6a129b6f0 JavaThread "http-nio-8080-exec-5" daemon [_thread_blocked, id=14756, stack(0x000000a7d9000000,0x000000a7d9100000)]
  0x000001e6a1299ee0 JavaThread "http-nio-8080-exec-6" daemon [_thread_blocked, id=9836, stack(0x000000a7d9200000,0x000000a7d9300000)]
  0x000001e6a129ad50 JavaThread "http-nio-8080-exec-7" daemon [_thread_blocked, id=13028, stack(0x000000a7db300000,0x000000a7db400000)]
  0x000001e6a129b220 JavaThread "http-nio-8080-exec-8" daemon [_thread_blocked, id=7864, stack(0x000000a7dba00000,0x000000a7dbb00000)]
  0x000001e6a129bbc0 JavaThread "http-nio-8080-exec-9" daemon [_thread_blocked, id=17560, stack(0x000000a7dbb00000,0x000000a7dbc00000)]
  0x000001e6a1298200 JavaThread "http-nio-8080-exec-10" daemon [_thread_blocked, id=17192, stack(0x000000a7dbc00000,0x000000a7dbd00000)]

Other Threads:
=>0x000001e69b4d9460 VMThread "VM Thread" [stack: 0x000000a7d9800000,0x000000a7d9900000] [id=15700]
  0x000001e69c08de10 WatcherThread [stack: 0x000000a7da400000,0x000000a7da500000] [id=19020]
  0x000001e681e7ae00 GCTaskThread "GC Thread#0" [stack: 0x000000a7d9300000,0x000000a7d9400000] [id=13136]
  0x000001e69cb44bf0 GCTaskThread "GC Thread#1" [stack: 0x000000a7da700000,0x000000a7da800000] [id=17812]
  0x000001e69cbcac30 GCTaskThread "GC Thread#2" [stack: 0x000000a7da800000,0x000000a7da900000] [id=5072]
  0x000001e69c72ab10 GCTaskThread "GC Thread#3" [stack: 0x000000a7da900000,0x000000a7daa00000] [id=13276]
  0x000001e681e8ba40 ConcurrentGCThread "G1 Main Marker" [stack: 0x000000a7d9400000,0x000000a7d9500000] [id=19116]
  0x000001e681e8c450 ConcurrentGCThread "G1 Conc#0" [stack: 0x000000a7d9500000,0x000000a7d9600000] [id=7788]
  0x000001e681f023a0 ConcurrentGCThread "G1 Refine#0" [stack: 0x000000a7d9600000,0x000000a7d9700000] [id=17608]
  0x000001e69cbcaee0 ConcurrentGCThread "G1 Refine#1" [stack: 0x000000a7daa00000,0x000000a7dab00000] [id=15684]
  0x000001e681f03560 ConcurrentGCThread "G1 Service" [stack: 0x000000a7d9700000,0x000000a7d9800000] [id=8256]

Threads with active compile tasks:

VM state: at safepoint (normal execution)

VM Mutex/Monitor currently owned by a thread:  ([mutex/lock_event])
[0x000001e681e34be0] Threads_lock - owner thread: 0x000001e69b4d9460
[0x000001e681e35450] Heap_lock - owner thread: 0x000001e6a1299a10

Heap address: 0x0000000081800000, size: 2024 MB, Compressed Oops mode: 32-bit

CDS archive(s) not mapped
Compressed class space mapped at: 0x0000000100000000-0x0000000140000000, reserved size: 1073741824
Narrow klass base: 0x0000000000000000, Narrow klass shift: 3, Narrow klass range: 0x140000000

GC Precious Log:
 CPUs: 4 total, 4 available
 Memory: 8090M
 Large Page Support: Disabled
 NUMA Support: Disabled
 Compressed Oops: Enabled (32-bit)
 Heap Region Size: 1M
 Heap Min Capacity: 8M
 Heap Initial Capacity: 128M
 Heap Max Capacity: 2024M
 Pre-touch: Disabled
 Parallel Workers: 4
 Concurrent Workers: 1
 Concurrent Refinement Workers: 4
 Periodic GC: Disabled

Heap:
 garbage-first heap   total 58368K, used 25084K [0x0000000081800000, 0x0000000100000000)
  region size 1024K, 1 young (1024K), 1 survivors (1024K)
 Metaspace       used 72368K, committed 72896K, reserved 1114112K
  class space    used 8781K, committed 9024K, reserved 1048576K

Heap Regions: E=young(eden), S=young(survivor), O=old, HS=humongous(starts), HC=humongous(continues), CS=collection set, F=free, OA=open archive, CA=closed archive, TAMS=top-at-mark-start (previous, next)
|   0|0x0000000081800000, 0x0000000081900000, 0x0000000081900000|100%|HS|  |TAMS 0x0000000081900000, 0x0000000081900000| Complete 
|   1|0x0000000081900000, 0x0000000081a00000, 0x0000000081a00000|100%| O|  |TAMS 0x0000000081a00000, 0x0000000081a00000| Untracked 
|   2|0x0000000081a00000, 0x0000000081b00000, 0x0000000081b00000|100%| O|  |TAMS 0x0000000081a7c400, 0x0000000081b00000| Untracked 
|   3|0x0000000081b00000, 0x0000000081c00000, 0x0000000081c00000|100%| O|  |TAMS 0x0000000081c00000, 0x0000000081c00000| Untracked 
|   4|0x0000000081c00000, 0x0000000081d00000, 0x0000000081d00000|100%| O|  |TAMS 0x0000000081d00000, 0x0000000081d00000| Untracked 
|   5|0x0000000081d00000, 0x0000000081dede00, 0x0000000081e00000| 92%| O|  |TAMS 0x0000000081dede00, 0x0000000081dede00| Untracked 
|   6|0x0000000081e00000, 0x0000000081f00000, 0x0000000081f00000|100%| O|  |TAMS 0x0000000081f00000, 0x0000000081f00000| Untracked 
|   7|0x0000000081f00000, 0x0000000082000000, 0x0000000082000000|100%| O|  |TAMS 0x0000000082000000, 0x0000000082000000| Untracked 
|   8|0x0000000082000000, 0x0000000082100000, 0x0000000082100000|100%| O|  |TAMS 0x0000000082100000, 0x0000000082100000| Untracked 
|   9|0x0000000082100000, 0x0000000082200000, 0x0000000082200000|100%| O|  |TAMS 0x0000000082200000, 0x0000000082200000| Untracked 
|  10|0x0000000082200000, 0x0000000082300000, 0x0000000082300000|100%| O|  |TAMS 0x0000000082300000, 0x0000000082300000| Untracked 
|  11|0x0000000082300000, 0x0000000082400000, 0x0000000082400000|100%| O|  |TAMS 0x0000000082400000, 0x0000000082400000| Untracked 
|  12|0x0000000082400000, 0x0000000082500000, 0x0000000082500000|100%| O|  |TAMS 0x0000000082500000, 0x0000000082500000| Untracked 
|  13|0x0000000082500000, 0x0000000082600000, 0x0000000082600000|100%| O|  |TAMS 0x0000000082600000, 0x0000000082600000| Untracked 
|  14|0x0000000082600000, 0x0000000082700000, 0x0000000082700000|100%| O|  |TAMS 0x0000000082700000, 0x0000000082700000| Untracked 
|  15|0x0000000082700000, 0x0000000082800000, 0x0000000082800000|100%| O|  |TAMS 0x0000000082800000, 0x0000000082800000| Untracked 
|  16|0x0000000082800000, 0x0000000082800000, 0x0000000082900000|  0%| F|  |TAMS 0x0000000082800000, 0x0000000082800000| Untracked 
|  17|0x0000000082900000, 0x0000000082a00000, 0x0000000082a00000|100%| O|  |TAMS 0x0000000082a00000, 0x0000000082a00000| Untracked 
|  18|0x0000000082a00000, 0x0000000082b00000, 0x0000000082b00000|100%| O|  |TAMS 0x0000000082b00000, 0x0000000082b00000| Untracked 
|  19|0x0000000082b00000, 0x0000000082c00000, 0x0000000082c00000|100%| O|  |TAMS 0x0000000082c00000, 0x0000000082c00000| Untracked 
|  20|0x0000000082c00000, 0x0000000082c80800, 0x0000000082d00000| 50%| O|  |TAMS 0x0000000082c00000, 0x0000000082c6be00| Untracked 
|  21|0x0000000082d00000, 0x0000000082e00000, 0x0000000082e00000|100%| O|  |TAMS 0x0000000082e00000, 0x0000000082e00000| Untracked 
|  22|0x0000000082e00000, 0x0000000082e00000, 0x0000000082f00000|  0%| F|  |TAMS 0x0000000082e00000, 0x0000000082e00000| Untracked 
|  23|0x0000000082f00000, 0x0000000083000000, 0x0000000083000000|100%| O|  |TAMS 0x0000000083000000, 0x0000000083000000| Untracked 
|  24|0x0000000083000000, 0x0000000083100000, 0x0000000083100000|100%| O|  |TAMS 0x0000000083100000, 0x0000000083100000| Untracked 
|  25|0x0000000083100000, 0x0000000083200000, 0x0000000083200000|100%| O|  |TAMS 0x0000000083200000, 0x0000000083200000| Untracked 
|  26|0x0000000083200000, 0x0000000083300000, 0x0000000083300000|100%| O|  |TAMS 0x0000000083300000, 0x0000000083300000| Untracked 
|  27|0x0000000083300000, 0x0000000083300000, 0x0000000083400000|  0%| F|  |TAMS 0x0000000083300000, 0x0000000083300000| Untracked 
|  28|0x0000000083400000, 0x0000000083400000, 0x0000000083500000|  0%| F|  |TAMS 0x0000000083400000, 0x0000000083400000| Untracked 
|  29|0x0000000083500000, 0x0000000083500000, 0x0000000083600000|  0%| F|  |TAMS 0x0000000083500000, 0x0000000083500000| Untracked 
|  30|0x0000000083600000, 0x0000000083600000, 0x0000000083700000|  0%| F|  |TAMS 0x0000000083600000, 0x0000000083600000| Untracked 
|  31|0x0000000083700000, 0x0000000083710de8, 0x0000000083800000|  6%| S|CS|TAMS 0x0000000083700000, 0x0000000083700000| Complete 
|  32|0x0000000083800000, 0x0000000083800000, 0x0000000083900000|  0%| F|  |TAMS 0x0000000083800000, 0x0000000083800000| Untracked 
|  33|0x0000000083900000, 0x0000000083900000, 0x0000000083a00000|  0%| F|  |TAMS 0x0000000083900000, 0x0000000083900000| Untracked 
|  34|0x0000000083a00000, 0x0000000083a00000, 0x0000000083b00000|  0%| F|  |TAMS 0x0000000083a00000, 0x0000000083a00000| Untracked 
|  35|0x0000000083b00000, 0x0000000083b00000, 0x0000000083c00000|  0%| F|  |TAMS 0x0000000083b00000, 0x0000000083b00000| Untracked 
|  36|0x0000000083c00000, 0x0000000083c00000, 0x0000000083d00000|  0%| F|  |TAMS 0x0000000083c00000, 0x0000000083c00000| Untracked 
|  37|0x0000000083d00000, 0x0000000083d00000, 0x0000000083e00000|  0%| F|  |TAMS 0x0000000083d00000, 0x0000000083d00000| Untracked 
|  38|0x0000000083e00000, 0x0000000083e00000, 0x0000000083f00000|  0%| F|  |TAMS 0x0000000083e00000, 0x0000000083e00000| Untracked 
|  39|0x0000000083f00000, 0x0000000083f00000, 0x0000000084000000|  0%| F|  |TAMS 0x0000000083f00000, 0x0000000083f00000| Untracked 
|  40|0x0000000084000000, 0x0000000084000000, 0x0000000084100000|  0%| F|  |TAMS 0x0000000084000000, 0x0000000084000000| Untracked 
|  41|0x0000000084100000, 0x0000000084100000, 0x0000000084200000|  0%| F|  |TAMS 0x0000000084100000, 0x0000000084100000| Untracked 
|  42|0x0000000084200000, 0x0000000084200000, 0x0000000084300000|  0%| F|  |TAMS 0x0000000084200000, 0x0000000084200000| Untracked 
|  43|0x0000000084300000, 0x0000000084300000, 0x0000000084400000|  0%| F|  |TAMS 0x0000000084300000, 0x0000000084300000| Untracked 
|  44|0x0000000084400000, 0x0000000084400000, 0x0000000084500000|  0%| F|  |TAMS 0x0000000084400000, 0x0000000084400000| Untracked 
|  45|0x0000000084500000, 0x0000000084500000, 0x0000000084600000|  0%| F|  |TAMS 0x0000000084500000, 0x0000000084500000| Untracked 
|  46|0x0000000084600000, 0x0000000084600000, 0x0000000084700000|  0%| F|  |TAMS 0x0000000084600000, 0x0000000084600000| Untracked 
|  47|0x0000000084700000, 0x0000000084700000, 0x0000000084800000|  0%| F|  |TAMS 0x0000000084700000, 0x0000000084700000| Untracked 
|  48|0x0000000084800000, 0x0000000084800000, 0x0000000084900000|  0%| F|  |TAMS 0x0000000084800000, 0x0000000084800000| Untracked 
|  49|0x0000000084900000, 0x0000000084900000, 0x0000000084a00000|  0%| F|  |TAMS 0x0000000084900000, 0x0000000084900000| Untracked 
|  50|0x0000000084a00000, 0x0000000084a00000, 0x0000000084b00000|  0%| F|  |TAMS 0x0000000084a00000, 0x0000000084a00000| Untracked 
|  51|0x0000000084b00000, 0x0000000084b00000, 0x0000000084c00000|  0%| F|  |TAMS 0x0000000084b00000, 0x0000000084b00000| Untracked 
|  52|0x0000000084c00000, 0x0000000084c00000, 0x0000000084d00000|  0%| F|  |TAMS 0x0000000084c00000, 0x0000000084c00000| Untracked 
|  53|0x0000000084d00000, 0x0000000084d00000, 0x0000000084e00000|  0%| F|  |TAMS 0x0000000084d00000, 0x0000000084d00000| Untracked 
|  77|0x0000000086500000, 0x0000000086500000, 0x0000000086600000|  0%| F|  |TAMS 0x0000000086500000, 0x0000000086500000| Untracked 
|  78|0x0000000086600000, 0x0000000086600000, 0x0000000086700000|  0%| F|  |TAMS 0x0000000086600000, 0x0000000086600000| Untracked 
| 127|0x0000000089700000, 0x0000000089700000, 0x0000000089800000|  0%| F|  |TAMS 0x0000000089700000, 0x0000000089700000| Untracked 

Card table byte_map: [0x000001e6948e0000,0x000001e694ce0000] _byte_map_base: 0x000001e6944d4000

Marking Bits (Prev, Next): (CMBitMap*) 0x000001e681e7b410, (CMBitMap*) 0x000001e681e7b450
 Prev Bits: [0x000001e6950e0000, 0x000001e697080000)
 Next Bits: [0x000001e697080000, 0x000001e699020000)

Polling page: 0x000001e681610000

Metaspace:

Usage:
  Non-class:     62.10 MB used.
      Class:      8.58 MB used.
       Both:     70.67 MB used.

Virtual space:
  Non-class space:       64.00 MB reserved,      62.38 MB ( 97%) committed,  8 nodes.
      Class space:        1.00 GB reserved,       8.81 MB ( <1%) committed,  1 nodes.
             Both:        1.06 GB reserved,      71.19 MB (  7%) committed. 

Chunk freelists:
   Non-Class:  1.41 MB
       Class:  3.06 MB
        Both:  4.47 MB

MaxMetaspaceSize: unlimited
CompressedClassSpaceSize: 1.00 GB
Initial GC threshold: 21.00 MB
Current GC threshold: 118.56 MB
CDS: off
MetaspaceReclaimPolicy: balanced
 - commit_granule_bytes: 65536.
 - commit_granule_words: 8192.
 - virtual_space_node_default_size: 1048576.
 - enlarge_chunks_in_place: 1.
 - new_chunks_are_fully_committed: 0.
 - uncommit_free_chunks: 1.
 - use_allocation_guard: 0.
 - handle_deallocations: 1.


Internal statistics:

num_allocs_failed_limit: 9.
num_arena_births: 530.
num_arena_deaths: 56.
num_vsnodes_births: 9.
num_vsnodes_deaths: 0.
num_space_committed: 1139.
num_space_uncommitted: 0.
num_chunks_returned_to_freelist: 80.
num_chunks_taken_from_freelist: 2815.
num_chunk_merges: 20.
num_chunk_splits: 1953.
num_chunks_enlarged: 1490.
num_purges: 2.
num_inconsistent_stats: 0.

CodeHeap 'non-profiled nmethods': size=120000Kb used=9766Kb max_used=9766Kb free=110233Kb
 bounds [0x000001e68cfb0000, 0x000001e68d940000, 0x000001e6944e0000]
CodeHeap 'profiled nmethods': size=120000Kb used=15557Kb max_used=18442Kb free=104442Kb
 bounds [0x000001e685a80000, 0x000001e686c90000, 0x000001e68cfb0000]
CodeHeap 'non-nmethods': size=5760Kb used=1329Kb max_used=1383Kb free=4430Kb
 bounds [0x000001e6854e0000, 0x000001e685750000, 0x000001e685a80000]
 total_blobs=9467 nmethods=8809 adapters=570
 compilation: enabled
              stopped_count=0, restarted_count=0
 full_count=0

Compilation events (20 events):
Event: 4369.737 Thread 0x000001e6a0017aa0 11054       4       org.hibernate.type.descriptor.java.LongTypeDescriptor::wrap (7 bytes)
Event: 4369.738 Thread 0x000001e6a0017aa0 nmethod 11054 0x000001e68d92e590 code [0x000001e68d92e700, 0x000001e68d92e7b8]
Event: 4372.001 Thread 0x000001e6a0017aa0 11055       4       java.util.ArrayList::equalsRange (85 bytes)
Event: 4372.001 Thread 0x000001e69c00f1b0 11056       4       org.springframework.http.converter.xml.Jaxb2RootElementHttpMessageConverter::canWrite (23 bytes)
Event: 4372.002 Thread 0x000001e69c00f1b0 nmethod 11056 0x000001e68d92e890 code [0x000001e68d92ea20, 0x000001e68d92eae8]
Event: 4372.002 Thread 0x000001e69c00f1b0 11057   !   4       org.springframework.http.converter.json.AbstractJackson2HttpMessageConverter::writeInternal (481 bytes)
Event: 4372.005 Thread 0x000001e6a0017aa0 nmethod 11055 0x000001e68d92eb90 code [0x000001e68d92ed20, 0x000001e68d92eed8]
Event: 4372.005 Thread 0x000001e6a0017aa0 11058       4       org.springframework.http.converter.json.AbstractJackson2HttpMessageConverter::getJsonEncoding (42 bytes)
Event: 4372.006 Thread 0x000001e6a0017aa0 nmethod 11058 0x000001e68d92f110 code [0x000001e68d92f280, 0x000001e68d92f338]
Event: 4372.006 Thread 0x000001e6a0017aa0 11059       4       com.fasterxml.jackson.core.JsonFactory::createGenerator (57 bytes)
Event: 4372.033 Thread 0x000001e6a0017aa0 nmethod 11059 0x000001e68d92f410 code [0x000001e68d92f600, 0x000001e68d92fed0]
Event: 4372.033 Thread 0x000001e6a0017aa0 11060       4       org.springframework.util.TypeUtils::isAssignable (279 bytes)
Event: 4372.043 Thread 0x000001e6a0017aa0 nmethod 11060 0x000001e68d930490 code [0x000001e68d930660, 0x000001e68d930a78]
Event: 4372.316 Thread 0x000001e69c00f1b0 nmethod 11057 0x000001e68d930f10 code [0x000001e68d9313e0, 0x000001e68d935480]
Event: 4379.287 Thread 0x000001e69c016860 11061       3       java.util.concurrent.locks.ReentrantLock::newCondition (8 bytes)
Event: 4379.288 Thread 0x000001e69c016860 nmethod 11061 0x000001e685f07610 code [0x000001e685f077c0, 0x000001e685f07a98]
Event: 4379.288 Thread 0x000001e69c016860 11062       3       java.util.concurrent.locks.ReentrantLock$Sync::newCondition (9 bytes)
Event: 4379.288 Thread 0x000001e69c016860 nmethod 11062 0x000001e685b07810 code [0x000001e685b079c0, 0x000001e685b07c38]
Event: 4381.583 Thread 0x000001e69c016860 11063       1       sun.nio.ch.SelectionKeyImpl::registeredEvents (5 bytes)
Event: 4381.583 Thread 0x000001e69c016860 nmethod 11063 0x000001e68d939890 code [0x000001e68d939a20, 0x000001e68d939af8]

GC Heap History (20 events):
Event: 4335.648 GC heap after
{Heap after GC invocations=58 (full 0):
 garbage-first heap   total 58368K, used 25512K [0x0000000081800000, 0x0000000100000000)
  region size 1024K, 1 young (1024K), 1 survivors (1024K)
 Metaspace       used 72357K, committed 72896K, reserved 1114112K
  class space    used 8779K, committed 9024K, reserved 1048576K
}
Event: 4340.025 GC heap before
{Heap before GC invocations=58 (full 0):
 garbage-first heap   total 58368K, used 50088K [0x0000000081800000, 0x0000000100000000)
  region size 1024K, 25 young (25600K), 1 survivors (1024K)
 Metaspace       used 72360K, committed 72896K, reserved 1114112K
  class space    used 8779K, committed 9024K, reserved 1048576K
}
Event: 4340.027 GC heap after
{Heap after GC invocations=59 (full 0):
 garbage-first heap   total 58368K, used 25542K [0x0000000081800000, 0x0000000100000000)
  region size 1024K, 1 young (1024K), 1 survivors (1024K)
 Metaspace       used 72360K, committed 72896K, reserved 1114112K
  class space    used 8779K, committed 9024K, reserved 1048576K
}
Event: 4345.476 GC heap before
{Heap before GC invocations=60 (full 0):
 garbage-first heap   total 58368K, used 50118K [0x0000000081800000, 0x0000000100000000)
  region size 1024K, 25 young (25600K), 1 survivors (1024K)
 Metaspace       used 72362K, committed 72896K, reserved 1114112K
  class space    used 8779K, committed 9024K, reserved 1048576K
}
Event: 4345.477 GC heap after
{Heap after GC invocations=61 (full 0):
 garbage-first heap   total 58368K, used 25557K [0x0000000081800000, 0x0000000100000000)
  region size 1024K, 1 young (1024K), 1 survivors (1024K)
 Metaspace       used 72362K, committed 72896K, reserved 1114112K
  class space    used 8779K, committed 9024K, reserved 1048576K
}
Event: 4345.633 GC heap before
{Heap before GC invocations=61 (full 0):
 garbage-first heap   total 58368K, used 26581K [0x0000000081800000, 0x0000000100000000)
  region size 1024K, 2 young (2048K), 1 survivors (1024K)
 Metaspace       used 72362K, committed 72896K, reserved 1114112K
  class space    used 8779K, committed 9024K, reserved 1048576K
}
Event: 4345.636 GC heap after
{Heap after GC invocations=62 (full 0):
 garbage-first heap   total 58368K, used 25354K [0x0000000081800000, 0x0000000100000000)
  region size 1024K, 1 young (1024K), 1 survivors (1024K)
 Metaspace       used 72362K, committed 72896K, reserved 1114112K
  class space    used 8779K, committed 9024K, reserved 1048576K
}
Event: 4355.541 GC heap before
{Heap before GC invocations=62 (full 0):
 garbage-first heap   total 58368K, used 49930K [0x0000000081800000, 0x0000000100000000)
  region size 1024K, 25 young (25600K), 1 survivors (1024K)
 Metaspace       used 72366K, committed 72896K, reserved 1114112K
  class space    used 8781K, committed 9024K, reserved 1048576K
}
Event: 4355.543 GC heap after
{Heap after GC invocations=63 (full 0):
 garbage-first heap   total 58368K, used 25373K [0x0000000081800000, 0x0000000100000000)
  region size 1024K, 1 young (1024K), 1 survivors (1024K)
 Metaspace       used 72366K, committed 72896K, reserved 1114112K
  class space    used 8781K, committed 9024K, reserved 1048576K
}
Event: 4362.806 GC heap before
{Heap before GC invocations=64 (full 0):
 garbage-first heap   total 58368K, used 49949K [0x0000000081800000, 0x0000000100000000)
  region size 1024K, 25 young (25600K), 1 survivors (1024K)
 Metaspace       used 72367K, committed 72896K, reserved 1114112K
  class space    used 8781K, committed 9024K, reserved 1048576K
}
Event: 4362.808 GC heap after
{Heap after GC invocations=65 (full 0):
 garbage-first heap   total 58368K, used 25375K [0x0000000081800000, 0x0000000100000000)
  region size 1024K, 1 young (1024K), 1 survivors (1024K)
 Metaspace       used 72367K, committed 72896K, reserved 1114112K
  class space    used 8781K, committed 9024K, reserved 1048576K
}
Event: 4363.066 GC heap before
{Heap before GC invocations=65 (full 0):
 garbage-first heap   total 58368K, used 26399K [0x0000000081800000, 0x0000000100000000)
  region size 1024K, 2 young (2048K), 1 survivors (1024K)
 Metaspace       used 72367K, committed 72896K, reserved 1114112K
  class space    used 8781K, committed 9024K, reserved 1048576K
}
Event: 4363.072 GC heap after
{Heap after GC invocations=66 (full 0):
 garbage-first heap   total 58368K, used 25178K [0x0000000081800000, 0x0000000100000000)
  region size 1024K, 1 young (1024K), 1 survivors (1024K)
 Metaspace       used 72367K, committed 72896K, reserved 1114112K
  class space    used 8781K, committed 9024K, reserved 1048576K
}
Event: 4368.302 GC heap before
{Heap before GC invocations=66 (full 0):
 garbage-first heap   total 58368K, used 49754K [0x0000000081800000, 0x0000000100000000)
  region size 1024K, 25 young (25600K), 1 survivors (1024K)
 Metaspace       used 72367K, committed 72896K, reserved 1114112K
  class space    used 8781K, committed 9024K, reserved 1048576K
}
Event: 4368.303 GC heap after
{Heap after GC invocations=67 (full 0):
 garbage-first heap   total 58368K, used 25246K [0x0000000081800000, 0x0000000100000000)
  region size 1024K, 1 young (1024K), 1 survivors (1024K)
 Metaspace       used 72367K, committed 72896K, reserved 1114112K
  class space    used 8781K, committed 9024K, reserved 1048576K
}
Event: 4375.228 GC heap before
{Heap before GC invocations=68 (full 0):
 garbage-first heap   total 58368K, used 49822K [0x0000000081800000, 0x0000000100000000)
  region size 1024K, 25 young (25600K), 1 survivors (1024K)
 Metaspace       used 72367K, committed 72896K, reserved 1114112K
  class space    used 8781K, committed 9024K, reserved 1048576K
}
Event: 4375.229 GC heap after
{Heap after GC invocations=69 (full 0):
 garbage-first heap   total 58368K, used 25262K [0x0000000081800000, 0x0000000100000000)
  region size 1024K, 1 young (1024K), 1 survivors (1024K)
 Metaspace       used 72367K, committed 72896K, reserved 1114112K
  class space    used 8781K, committed 9024K, reserved 1048576K
}
Event: 4375.459 GC heap before
{Heap before GC invocations=69 (full 0):
 garbage-first heap   total 58368K, used 26286K [0x0000000081800000, 0x0000000100000000)
  region size 1024K, 2 young (2048K), 1 survivors (1024K)
 Metaspace       used 72367K, committed 72896K, reserved 1114112K
  class space    used 8781K, committed 9024K, reserved 1048576K
}
Event: 4375.464 GC heap after
{Heap after GC invocations=70 (full 0):
 garbage-first heap   total 58368K, used 25002K [0x0000000081800000, 0x0000000100000000)
  region size 1024K, 1 young (1024K), 1 survivors (1024K)
 Metaspace       used 72367K, committed 72896K, reserved 1114112K
  class space    used 8781K, committed 9024K, reserved 1048576K
}
Event: 4384.644 GC heap before
{Heap before GC invocations=70 (full 0):
 garbage-first heap   total 58368K, used 49578K [0x0000000081800000, 0x0000000100000000)
  region size 1024K, 25 young (25600K), 1 survivors (1024K)
 Metaspace       used 72368K, committed 72896K, reserved 1114112K
  class space    used 8781K, committed 9024K, reserved 1048576K
}

Deoptimization events (20 events):
Event: 4365.840 Thread 0x000001e6a129a880 Uncommon trap: trap_request=0xffffffbe fr.pc=0x000001e68d922090 relative=0x00000000000011d0
Event: 4365.840 Thread 0x000001e6a129a880 Uncommon trap: reason=profile_predicate action=maybe_recompile pc=0x000001e68d922090 method=java.util.concurrent.ConcurrentHashMap$Traverser.advance()Ljava/util/concurrent/ConcurrentHashMap$Node; @ 15 c2
Event: 4365.840 Thread 0x000001e6a129a880 DEOPT PACKING pc=0x000001e68d922090 sp=0x000000a7da6fdc10
Event: 4365.840 Thread 0x000001e6a129a880 DEOPT UNPACKING pc=0x000001e6855323a3 sp=0x000000a7da6fd8f8 mode 2
Event: 4365.846 Thread 0x000001e6a1298200 Uncommon trap: trap_request=0xffffffbe fr.pc=0x000001e68d922090 relative=0x00000000000011d0
Event: 4365.846 Thread 0x000001e6a1298200 Uncommon trap: reason=profile_predicate action=maybe_recompile pc=0x000001e68d922090 method=java.util.concurrent.ConcurrentHashMap$Traverser.advance()Ljava/util/concurrent/ConcurrentHashMap$Node; @ 15 c2
Event: 4365.846 Thread 0x000001e6a1298200 DEOPT PACKING pc=0x000001e68d922090 sp=0x000000a7dbcfd4f0
Event: 4365.846 Thread 0x000001e6a1298200 DEOPT UNPACKING pc=0x000001e6855323a3 sp=0x000000a7dbcfd1d8 mode 2
Event: 4365.869 Thread 0x000001e6a129a3b0 Uncommon trap: trap_request=0xffffffbe fr.pc=0x000001e68d922090 relative=0x00000000000011d0
Event: 4365.869 Thread 0x000001e6a129a3b0 Uncommon trap: reason=profile_predicate action=maybe_recompile pc=0x000001e68d922090 method=java.util.concurrent.ConcurrentHashMap$Traverser.advance()Ljava/util/concurrent/ConcurrentHashMap$Node; @ 15 c2
Event: 4365.869 Thread 0x000001e6a129a3b0 DEOPT PACKING pc=0x000001e68d922090 sp=0x000000a7dabfd650
Event: 4365.869 Thread 0x000001e6a129a3b0 DEOPT UNPACKING pc=0x000001e6855323a3 sp=0x000000a7dabfd338 mode 2
Event: 4365.874 Thread 0x000001e6a1299a10 Uncommon trap: trap_request=0xffffffbe fr.pc=0x000001e68d922090 relative=0x00000000000011d0
Event: 4365.874 Thread 0x000001e6a1299a10 Uncommon trap: reason=profile_predicate action=maybe_recompile pc=0x000001e68d922090 method=java.util.concurrent.ConcurrentHashMap$Traverser.advance()Ljava/util/concurrent/ConcurrentHashMap$Node; @ 15 c2
Event: 4365.874 Thread 0x000001e6a1299a10 DEOPT PACKING pc=0x000001e68d922090 sp=0x000000a7dacfd850
Event: 4365.874 Thread 0x000001e6a1299a10 DEOPT UNPACKING pc=0x000001e6855323a3 sp=0x000000a7dacfd538 mode 2
Event: 4365.894 Thread 0x000001e6a1298ba0 Uncommon trap: trap_request=0xffffffbe fr.pc=0x000001e68d91fcd8 relative=0x0000000000000498
Event: 4365.894 Thread 0x000001e6a1298ba0 Uncommon trap: reason=profile_predicate action=maybe_recompile pc=0x000001e68d91fcd8 method=java.util.concurrent.ConcurrentHashMap$Traverser.advance()Ljava/util/concurrent/ConcurrentHashMap$Node; @ 15 c2
Event: 4365.894 Thread 0x000001e6a1298ba0 DEOPT PACKING pc=0x000001e68d91fcd8 sp=0x000000a7db9fd3a0
Event: 4365.894 Thread 0x000001e6a1298ba0 DEOPT UNPACKING pc=0x000001e6855323a3 sp=0x000000a7db9fd158 mode 2

Classes unloaded (20 events):
Event: 4269.315 Thread 0x000001e69b4d9460 Unloading class 0x00000001002f4000 'jdk/internal/reflect/GeneratedConstructorAccessor9'
Event: 4269.315 Thread 0x000001e69b4d9460 Unloading class 0x00000001002ec800 'jdk/internal/reflect/GeneratedConstructorAccessor8'
Event: 4269.315 Thread 0x000001e69b4d9460 Unloading class 0x00000001002ec400 'jdk/internal/reflect/GeneratedConstructorAccessor7'
Event: 4269.315 Thread 0x000001e69b4d9460 Unloading class 0x00000001002ec000 'jdk/internal/reflect/GeneratedConstructorAccessor6'
Event: 4269.316 Thread 0x000001e69b4d9460 Unloading class 0x00000001002dd000 'jdk/internal/reflect/GeneratedConstructorAccessor5'
Event: 4269.317 Thread 0x000001e69b4d9460 Unloading class 0x00000001002a8400 'java/lang/invoke/LambdaForm$DMH+0x00000001002a8400'
Event: 4269.317 Thread 0x000001e69b4d9460 Unloading class 0x0000000100215000 'java/lang/invoke/LambdaForm$MH+0x0000000100215000'
Event: 4269.317 Thread 0x000001e69b4d9460 Unloading class 0x0000000100214c00 'java/lang/invoke/LambdaForm$MH+0x0000000100214c00'
Event: 4269.317 Thread 0x000001e69b4d9460 Unloading class 0x0000000100214800 'java/lang/invoke/LambdaForm$MH+0x0000000100214800'
Event: 4269.317 Thread 0x000001e69b4d9460 Unloading class 0x0000000100214400 'java/lang/invoke/LambdaForm$MH+0x0000000100214400'
Event: 4269.317 Thread 0x000001e69b4d9460 Unloading class 0x0000000100201c00 'java/lang/invoke/LambdaForm$MH+0x0000000100201c00'
Event: 4269.317 Thread 0x000001e69b4d9460 Unloading class 0x0000000100201800 'java/lang/invoke/LambdaForm$MH+0x0000000100201800'
Event: 4269.317 Thread 0x000001e69b4d9460 Unloading class 0x0000000100201400 'java/lang/invoke/LambdaForm$MH+0x0000000100201400'
Event: 4269.317 Thread 0x000001e69b4d9460 Unloading class 0x0000000100201000 'java/lang/invoke/LambdaForm$MH+0x0000000100201000'
Event: 4269.318 Thread 0x000001e69b4d9460 Unloading class 0x00000001001ab000 'java/lang/invoke/LambdaForm$MH+0x00000001001ab000'
Event: 4269.318 Thread 0x000001e69b4d9460 Unloading class 0x00000001001aa800 'java/lang/invoke/LambdaForm$MH+0x00000001001aa800'
Event: 4269.318 Thread 0x000001e69b4d9460 Unloading class 0x00000001001aa400 'java/lang/invoke/LambdaForm$MH+0x00000001001aa400'
Event: 4269.318 Thread 0x000001e69b4d9460 Unloading class 0x00000001001aa000 'java/lang/invoke/LambdaForm$MH+0x00000001001aa000'
Event: 4269.318 Thread 0x000001e69b4d9460 Unloading class 0x00000001001a9800 'java/lang/invoke/LambdaForm$MH+0x00000001001a9800'
Event: 4269.318 Thread 0x000001e69b4d9460 Unloading class 0x00000001001a9000 'java/lang/invoke/LambdaForm$MH+0x00000001001a9000'

Classes redefined (0 events):
No events

Internal exceptions (20 events):
Event: 1794.626 Thread 0x000001e69f83fd20 Exception <a 'java/io/IOException'{0x0000000083f083d8}> (0x0000000083f083d8) 
thrown [e:\jenkins\tmp\workspace\build\src\src\hotspot\share\prims\jni.cpp, line 516]
Event: 1794.626 Thread 0x000001e69f83fd20 Exception <a 'java/io/IOException'{0x0000000083f08f10}> (0x0000000083f08f10) 
thrown [e:\jenkins\tmp\workspace\build\src\src\hotspot\share\prims\jni.cpp, line 516]
Event: 1796.872 Thread 0x000001e69f83fd20 Exception <a 'java/io/IOException'{0x0000000083f0bb60}> (0x0000000083f0bb60) 
thrown [e:\jenkins\tmp\workspace\build\src\src\hotspot\share\prims\jni.cpp, line 516]
Event: 1797.192 Thread 0x000001e69f83fd20 Exception <a 'java/io/IOException'{0x0000000083c522a0}> (0x0000000083c522a0) 
thrown [e:\jenkins\tmp\workspace\build\src\src\hotspot\share\prims\jni.cpp, line 516]
Event: 1799.460 Thread 0x000001e69f83fd20 Exception <a 'java/io/IOException'{0x0000000083c549c8}> (0x0000000083c549c8) 
thrown [e:\jenkins\tmp\workspace\build\src\src\hotspot\share\prims\jni.cpp, line 516]
Event: 1799.460 Thread 0x000001e69f83fd20 Exception <a 'java/io/IOException'{0x0000000083c55500}> (0x0000000083c55500) 
thrown [e:\jenkins\tmp\workspace\build\src\src\hotspot\share\prims\jni.cpp, line 516]
Event: 1803.127 Thread 0x000001e69f83fd20 Exception <a 'java/io/IOException'{0x00000000897a21a0}> (0x00000000897a21a0) 
thrown [e:\jenkins\tmp\workspace\build\src\src\hotspot\share\prims\jni.cpp, line 516]
Event: 3244.661 Thread 0x000001e6a129bbc0 Implicit null exception at 0x000001e68d368b39 to 0x000001e68d369910
Event: 3538.723 Thread 0x000001e69f843210 Exception <a 'java/io/IOException'{0x00000000844e2728}> (0x00000000844e2728) 
thrown [e:\jenkins\tmp\workspace\build\src\src\hotspot\share\prims\jni.cpp, line 516]
Event: 3554.807 Thread 0x000001e69f8406c0 Exception <a 'java/net/SocketException'{0x00000000842c31f8}: Connection reset by peer: shutdown> (0x00000000842c31f8) 
thrown [e:\jenkins\tmp\workspace\build\src\src\hotspot\share\prims\jni.cpp, line 535]
Event: 3557.573 Thread 0x000001e69f8406c0 Exception <a 'java/io/IOException'{0x0000000083da6750}> (0x0000000083da6750) 
thrown [e:\jenkins\tmp\workspace\build\src\src\hotspot\share\prims\jni.cpp, line 516]
Event: 3600.188 Thread 0x000001e69f841a00 Exception <a 'java/io/IOException'{0x0000000084c019c0}> (0x0000000084c019c0) 
thrown [e:\jenkins\tmp\workspace\build\src\src\hotspot\share\prims\jni.cpp, line 516]
Event: 3601.107 Thread 0x000001e69f841a00 Exception <a 'java/io/IOException'{0x0000000084c04598}> (0x0000000084c04598) 
thrown [e:\jenkins\tmp\workspace\build\src\src\hotspot\share\prims\jni.cpp, line 516]
Event: 3601.107 Thread 0x000001e69f841a00 Exception <a 'java/io/IOException'{0x0000000084c050d0}> (0x0000000084c050d0) 
thrown [e:\jenkins\tmp\workspace\build\src\src\hotspot\share\prims\jni.cpp, line 516]
Event: 4280.166 Thread 0x000001e6a129b6f0 Implicit null exception at 0x000001e68d1e361d to 0x000001e68d1e8c4c
Event: 4365.840 Thread 0x000001e6a129a880 Implicit null exception at 0x000001e68d92103b to 0x000001e68d92204c
Event: 4365.846 Thread 0x000001e6a1298200 Implicit null exception at 0x000001e68d92103b to 0x000001e68d92204c
Event: 4365.869 Thread 0x000001e6a129a3b0 Implicit null exception at 0x000001e68d92103b to 0x000001e68d92204c
Event: 4365.874 Thread 0x000001e6a1299a10 Implicit null exception at 0x000001e68d92103b to 0x000001e68d92204c
Event: 4365.894 Thread 0x000001e6a1298ba0 Implicit null exception at 0x000001e68d91f98a to 0x000001e68d91fcbc

VM Operations (20 events):
Event: 4361.702 Executing VM operation: Cleanup done
Event: 4362.806 Executing VM operation: G1CollectForAllocation
Event: 4362.808 Executing VM operation: G1CollectForAllocation done
Event: 4363.066 Executing VM operation: G1CollectForAllocation
Event: 4363.072 Executing VM operation: G1CollectForAllocation done
Event: 4368.113 Executing VM operation: Cleanup
Event: 4368.113 Executing VM operation: Cleanup done
Event: 4368.302 Executing VM operation: G1CollectForAllocation
Event: 4368.303 Executing VM operation: G1CollectForAllocation done
Event: 4368.384 Executing VM operation: G1Concurrent
Event: 4368.390 Executing VM operation: G1Concurrent done
Event: 4368.427 Executing VM operation: G1Concurrent
Event: 4368.427 Executing VM operation: G1Concurrent done
Event: 4370.454 Executing VM operation: Cleanup
Event: 4370.454 Executing VM operation: Cleanup done
Event: 4375.228 Executing VM operation: G1CollectForAllocation
Event: 4375.229 Executing VM operation: G1CollectForAllocation done
Event: 4375.459 Executing VM operation: G1CollectForAllocation
Event: 4375.464 Executing VM operation: G1CollectForAllocation done
Event: 4384.644 Executing VM operation: G1CollectForAllocation

Events (20 events):
Event: 4301.572 Thread 0x000001e69c06f5e0 flushing nmethod 0x000001e686a55a90
Event: 4301.572 Thread 0x000001e69c06f5e0 flushing nmethod 0x000001e686b4a290
Event: 4301.572 Thread 0x000001e69c06f5e0 flushing nmethod 0x000001e686b4f010
Event: 4301.572 Thread 0x000001e69c06f5e0 flushing nmethod 0x000001e686b4f910
Event: 4301.572 Thread 0x000001e69c06f5e0 flushing nmethod 0x000001e686b6b610
Event: 4327.087 Thread 0x000001e69c06f5e0 flushing nmethod 0x000001e686aebd10
Event: 4331.719 Thread 0x000001e6a0017aa0 Thread added: 0x000001e6a0017aa0
Event: 4332.603 Thread 0x000001e6a0017aa0 Thread exited: 0x000001e6a0017aa0
Event: 4343.106 Thread 0x000001e6a0017aa0 Thread added: 0x000001e6a0017aa0
Event: 4344.355 Thread 0x000001e6a0017aa0 Thread exited: 0x000001e6a0017aa0
Event: 4344.566 Thread 0x000001e6a0017aa0 Thread added: 0x000001e6a0017aa0
Event: 4346.961 Thread 0x000001e6a0017aa0 Thread exited: 0x000001e6a0017aa0
Event: 4352.195 Thread 0x000001e6a0017aa0 Thread added: 0x000001e6a0017aa0
Event: 4352.703 Thread 0x000001e6a0017aa0 Thread exited: 0x000001e6a0017aa0
Event: 4361.202 Thread 0x000001e6a0017aa0 Thread added: 0x000001e6a0017aa0
Event: 4365.631 Thread 0x000001e6a0017aa0 Thread exited: 0x000001e6a0017aa0
Event: 4365.758 Thread 0x000001e6a0017aa0 Thread added: 0x000001e6a0017aa0
Event: 4367.564 Thread 0x000001e6a0017aa0 Thread exited: 0x000001e6a0017aa0
Event: 4369.655 Thread 0x000001e6a0017aa0 Thread added: 0x000001e6a0017aa0
Event: 4377.056 Thread 0x000001e6a0017aa0 Thread exited: 0x000001e6a0017aa0


Dynamic libraries:
0x00007ff780630000 - 0x00007ff78063e000 	C:\Users\janil\Downloads\sts-4.13.1.RELEASE\plugins\org.eclipse.justj.openjdk.hotspot.jre.full.win32.x86_64_17.0.1.v20211116-1657\jre\bin\javaw.exe
0x00007ff9920a0000 - 0x00007ff9922a9000 	C:\Windows\SYSTEM32\ntdll.dll
0x00007ff991900000 - 0x00007ff9919bd000 	C:\Windows\System32\KERNEL32.DLL
0x00007ff98f590000 - 0x00007ff98f904000 	C:\Windows\System32\KERNELBASE.dll
0x00007ff98f910000 - 0x00007ff98fa21000 	C:\Windows\System32\ucrtbase.dll
0x00007ff943130000 - 0x00007ff943148000 	C:\Users\janil\Downloads\sts-4.13.1.RELEASE\plugins\org.eclipse.justj.openjdk.hotspot.jre.full.win32.x86_64_17.0.1.v20211116-1657\jre\bin\jli.dll
0x00007ff990e30000 - 0x00007ff990fdc000 	C:\Windows\System32\USER32.dll
0x00007ff98fa30000 - 0x00007ff98fa56000 	C:\Windows\System32\win32u.dll
0x00007ff990060000 - 0x00007ff990089000 	C:\Windows\System32\GDI32.dll
0x00007ff98fda0000 - 0x00007ff98feb2000 	C:\Windows\System32\gdi32full.dll
0x00007ff98fd00000 - 0x00007ff98fd9d000 	C:\Windows\System32\msvcp_win.dll
0x00007ff93a6f0000 - 0x00007ff93a709000 	C:\Users\janil\Downloads\sts-4.13.1.RELEASE\plugins\org.eclipse.justj.openjdk.hotspot.jre.full.win32.x86_64_17.0.1.v20211116-1657\jre\bin\VCRUNTIME140.dll
0x00007ff973e30000 - 0x00007ff9740d5000 	C:\Windows\WinSxS\amd64_microsoft.windows.common-controls_6595b64144ccf1df_6.0.22000.120_none_9d947278b86cc467\COMCTL32.dll
0x00007ff991840000 - 0x00007ff9918e3000 	C:\Windows\System32\msvcrt.dll
0x00007ff9919c0000 - 0x00007ff9919f1000 	C:\Windows\System32\IMM32.DLL
0x00007ff971960000 - 0x00007ff97196c000 	C:\Users\janil\Downloads\sts-4.13.1.RELEASE\plugins\org.eclipse.justj.openjdk.hotspot.jre.full.win32.x86_64_17.0.1.v20211116-1657\jre\bin\vcruntime140_1.dll
0x00007ff937440000 - 0x00007ff9374d1000 	C:\Users\janil\Downloads\sts-4.13.1.RELEASE\plugins\org.eclipse.justj.openjdk.hotspot.jre.full.win32.x86_64_17.0.1.v20211116-1657\jre\bin\msvcp140.dll
0x00007ff92ff70000 - 0x00007ff930bb6000 	C:\Users\janil\Downloads\sts-4.13.1.RELEASE\plugins\org.eclipse.justj.openjdk.hotspot.jre.full.win32.x86_64_17.0.1.v20211116-1657\jre\bin\server\jvm.dll
0x00007ff991790000 - 0x00007ff99183e000 	C:\Windows\System32\ADVAPI32.dll
0x00007ff990930000 - 0x00007ff9909ce000 	C:\Windows\System32\sechost.dll
0x00007ff9905b0000 - 0x00007ff9906d0000 	C:\Windows\System32\RPCRT4.dll
0x00007ff991a80000 - 0x00007ff991a88000 	C:\Windows\System32\PSAPI.DLL
0x00007ff97f050000 - 0x00007ff97f059000 	C:\Windows\SYSTEM32\WSOCK32.dll
0x00007ff98ff40000 - 0x00007ff98ffaf000 	C:\Windows\System32\WS2_32.dll
0x00007ff989a60000 - 0x00007ff989a93000 	C:\Windows\SYSTEM32\WINMM.dll
0x00007ff9843e0000 - 0x00007ff9843ea000 	C:\Windows\SYSTEM32\VERSION.dll
0x00007ff98e690000 - 0x00007ff98e6a8000 	C:\Windows\SYSTEM32\kernel.appcore.dll
0x00007ff986920000 - 0x00007ff98692a000 	C:\Users\janil\Downloads\sts-4.13.1.RELEASE\plugins\org.eclipse.justj.openjdk.hotspot.jre.full.win32.x86_64_17.0.1.v20211116-1657\jre\bin\jimage.dll
0x00007ff980910000 - 0x00007ff980b31000 	C:\Windows\SYSTEM32\DBGHELP.DLL
0x00007ff9800e0000 - 0x00007ff980111000 	C:\Windows\SYSTEM32\dbgcore.DLL
0x00007ff98fec0000 - 0x00007ff98ff3f000 	C:\Windows\System32\bcryptPrimitives.dll
0x00007ff944c90000 - 0x00007ff944cb5000 	C:\Users\janil\Downloads\sts-4.13.1.RELEASE\plugins\org.eclipse.justj.openjdk.hotspot.jre.full.win32.x86_64_17.0.1.v20211116-1657\jre\bin\java.dll
0x00007ff952c60000 - 0x00007ff952c78000 	C:\Users\janil\Downloads\sts-4.13.1.RELEASE\plugins\org.eclipse.justj.openjdk.hotspot.jre.full.win32.x86_64_17.0.1.v20211116-1657\jre\bin\zip.dll
0x00007ff990fe0000 - 0x00007ff99178e000 	C:\Windows\System32\SHELL32.dll
0x00007ff98d700000 - 0x00007ff98df68000 	C:\Windows\SYSTEM32\windows.storage.dll
0x00007ff991ce0000 - 0x00007ff992058000 	C:\Windows\System32\combase.dll
0x00007ff98d590000 - 0x00007ff98d6f6000 	C:\Windows\SYSTEM32\wintypes.dll
0x00007ff990c00000 - 0x00007ff990cea000 	C:\Windows\System32\SHCORE.dll
0x00007ff9908d0000 - 0x00007ff99092d000 	C:\Windows\System32\shlwapi.dll
0x00007ff98f4c0000 - 0x00007ff98f4e1000 	C:\Windows\SYSTEM32\profapi.dll
0x00007ff9527c0000 - 0x00007ff9527d9000 	C:\Users\janil\Downloads\sts-4.13.1.RELEASE\plugins\org.eclipse.justj.openjdk.hotspot.jre.full.win32.x86_64_17.0.1.v20211116-1657\jre\bin\net.dll
0x00007ff9896a0000 - 0x00007ff9897ac000 	C:\Windows\SYSTEM32\WINHTTP.dll
0x00007ff98eac0000 - 0x00007ff98eb27000 	C:\Windows\system32\mswsock.dll
0x00007ff944760000 - 0x00007ff944775000 	C:\Users\janil\Downloads\sts-4.13.1.RELEASE\plugins\org.eclipse.justj.openjdk.hotspot.jre.full.win32.x86_64_17.0.1.v20211116-1657\jre\bin\nio.dll
0x00007ff984e60000 - 0x00007ff984e70000 	C:\Users\janil\Downloads\sts-4.13.1.RELEASE\plugins\org.eclipse.justj.openjdk.hotspot.jre.full.win32.x86_64_17.0.1.v20211116-1657\jre\bin\verify.dll
0x00007ff971760000 - 0x00007ff971769000 	C:\Users\janil\Downloads\sts-4.13.1.RELEASE\plugins\org.eclipse.justj.openjdk.hotspot.jre.full.win32.x86_64_17.0.1.v20211116-1657\jre\bin\management.dll
0x00007ff9714a0000 - 0x00007ff9714ab000 	C:\Users\janil\Downloads\sts-4.13.1.RELEASE\plugins\org.eclipse.justj.openjdk.hotspot.jre.full.win32.x86_64_17.0.1.v20211116-1657\jre\bin\management_ext.dll
0x00007ff975cb0000 - 0x00007ff975cc7000 	C:\Windows\system32\napinsp.dll
0x00007ff975c90000 - 0x00007ff975cab000 	C:\Windows\system32\pnrpnsp.dll
0x00007ff98e230000 - 0x00007ff98e317000 	C:\Windows\SYSTEM32\DNSAPI.dll
0x00007ff98e1c0000 - 0x00007ff98e1ed000 	C:\Windows\SYSTEM32\IPHLPAPI.DLL
0x00007ff990be0000 - 0x00007ff990be9000 	C:\Windows\System32\NSI.dll
0x00007ff975c70000 - 0x00007ff975c82000 	C:\Windows\System32\winrnr.dll
0x00007ff975c50000 - 0x00007ff975c65000 	C:\Windows\system32\wshbth.dll
0x00007ff975c30000 - 0x00007ff975c4f000 	C:\Windows\system32\nlansp_c.dll
0x00007ff987bb0000 - 0x00007ff987bba000 	C:\Windows\System32\rasadhlp.dll
0x00007ff9859a0000 - 0x00007ff985a21000 	C:\Windows\System32\fwpuclnt.dll
0x00007ff98ed10000 - 0x00007ff98ed28000 	C:\Windows\SYSTEM32\CRYPTSP.dll
0x00007ff98e5f0000 - 0x00007ff98e625000 	C:\Windows\system32\rsaenh.dll
0x00007ff98ebb0000 - 0x00007ff98ebd9000 	C:\Windows\SYSTEM32\USERENV.dll
0x00007ff98ee80000 - 0x00007ff98eea7000 	C:\Windows\SYSTEM32\bcrypt.dll
0x00007ff98ed00000 - 0x00007ff98ed0c000 	C:\Windows\SYSTEM32\CRYPTBASE.dll
0x00007ff988f10000 - 0x00007ff988f29000 	C:\Windows\SYSTEM32\dhcpcsvc6.DLL
0x00007ff98a510000 - 0x00007ff98a52e000 	C:\Windows\SYSTEM32\dhcpcsvc.DLL
0x00007ff982900000 - 0x00007ff98290e000 	C:\Users\janil\Downloads\sts-4.13.1.RELEASE\plugins\org.eclipse.justj.openjdk.hotspot.jre.full.win32.x86_64_17.0.1.v20211116-1657\jre\bin\sunmscapi.dll
0x00007ff98fad0000 - 0x00007ff98fc32000 	C:\Windows\System32\CRYPT32.dll
0x00007ff98ee50000 - 0x00007ff98ee78000 	C:\Windows\SYSTEM32\ncrypt.dll
0x00007ff98ee10000 - 0x00007ff98ee47000 	C:\Windows\SYSTEM32\NTASN1.dll
0x00007ff982860000 - 0x00007ff982868000 	C:\Windows\system32\wshunix.dll

dbghelp: loaded successfully - version: 4.0.5 - missing functions: none
symbol engine: initialized successfully - sym options: 0x614 - pdb path: .;C:\Users\janil\Downloads\sts-4.13.1.RELEASE\plugins\org.eclipse.justj.openjdk.hotspot.jre.full.win32.x86_64_17.0.1.v20211116-1657\jre\bin;C:\Windows\SYSTEM32;C:\Windows\WinSxS\amd64_microsoft.windows.common-controls_6595b64144ccf1df_6.0.22000.120_none_9d947278b86cc467;C:\Users\janil\Downloads\sts-4.13.1.RELEASE\plugins\org.eclipse.justj.openjdk.hotspot.jre.full.win32.x86_64_17.0.1.v20211116-1657\jre\bin\server

VM Arguments:
jvm_args: -Dfile.encoding=Cp1252 -XX:+ShowCodeDetailsInExceptionMessages 
java_command: com.recode.SistemaVendasApplication
java_class_path (initial): C:\Users\janil\Desktop\Agencia Viagens\api-agencia\target\classes;C:\Users\janil\.m2\repository\org\springframework\boot\spring-boot-starter-data-jpa\2.6.3\spring-boot-starter-data-jpa-2.6.3.jar;C:\Users\janil\.m2\repository\org\springframework\boot\spring-boot-starter-aop\2.6.3\spring-boot-starter-aop-2.6.3.jar;C:\Users\janil\.m2\repository\org\springframework\spring-aop\5.3.15\spring-aop-5.3.15.jar;C:\Users\janil\.m2\repository\org\aspectj\aspectjweaver\1.9.7\aspectjweaver-1.9.7.jar;C:\Users\janil\.m2\repository\org\springframework\boot\spring-boot-starter-jdbc\2.6.3\spring-boot-starter-jdbc-2.6.3.jar;C:\Users\janil\.m2\repository\com\zaxxer\HikariCP\4.0.3\HikariCP-4.0.3.jar;C:\Users\janil\.m2\repository\org\springframework\spring-jdbc\5.3.15\spring-jdbc-5.3.15.jar;C:\Users\janil\.m2\repository\jakarta\transaction\jakarta.transaction-api\1.3.3\jakarta.transaction-api-1.3.3.jar;C:\Users\janil\.m2\repository\jakarta\persistence\jakarta.persistence-api\2.2.3\jakarta.persistence-api-2.2.3.jar;C:\Users\janil\.m2\repository\org\hibernate\hibernate-core\5.6.4.Final\hibernate-core-5.6.4.Final.jar;C:\Users\janil\.m2\repository\org\jboss\logging\jboss-logging\3.4.3.Final\jboss-logging-3.4.3.Final.jar;C:\Users\janil\.m2\repository\net\bytebuddy\byte-buddy\1.11.22\byte-buddy-1.11.22.jar;C:\Users\janil\.m2\repository\antlr\antlr\2.7.7\antlr-2.7.7.jar;C:\Users\janil\.m2\repository\org\jboss\jandex\2.4.2.Final\jandex-2.4.2.Final.jar;C:\Users\janil\.m2\repository\com\fasterxml\classmate\1.5.1\classmate-1.5.1.jar;C:\Users\janil\.m2\repository\org\hibernate\common\hibernate-commons-annotations\5.1.2.Final\hibernate-commons-annotations-5.1.2.Final.jar;C:\Users\janil\.m2\repository\org\glassfish\jaxb\jaxb-runtime\2.3.5\jaxb-runtime-2.3.5.jar;C:\Users\janil\.m2\repository\org\glassfish\jaxb\txw2\2.3.5\txw2-2.3.5.jar;C:\Users\janil\.m2\repository\com\sun\istack\istack-commons-runtime\3.0.12\istack-commons-runtime-3.0.12.jar;C:\Users\janil\.m2\repository\com
Launcher Type: SUN_STANDARD

[Global flags]
     intx CICompilerCount                          = 3                                         {product} {ergonomic}
     uint ConcGCThreads                            = 1                                         {product} {ergonomic}
     uint G1ConcRefinementThreads                  = 4                                         {product} {ergonomic}
   size_t G1HeapRegionSize                         = 1048576                                   {product} {ergonomic}
    uintx GCDrainStackTargetSize                   = 64                                        {product} {ergonomic}
   size_t InitialHeapSize                          = 134217728                                 {product} {ergonomic}
   size_t MarkStackSize                            = 4194304                                   {product} {ergonomic}
   size_t MaxHeapSize                              = 2122317824                                {product} {ergonomic}
   size_t MaxNewSize                               = 1272971264                                {product} {ergonomic}
   size_t MinHeapDeltaBytes                        = 1048576                                   {product} {ergonomic}
   size_t MinHeapSize                              = 8388608                                   {product} {ergonomic}
    uintx NonNMethodCodeHeapSize                   = 5832780                                {pd product} {ergonomic}
    uintx NonProfiledCodeHeapSize                  = 122912730                              {pd product} {ergonomic}
    uintx ProfiledCodeHeapSize                     = 122912730                              {pd product} {ergonomic}
    uintx ReservedCodeCacheSize                    = 251658240                              {pd product} {ergonomic}
     bool SegmentedCodeCache                       = true                                      {product} {ergonomic}
     bool ShowCodeDetailsInExceptionMessages       = true                                   {manageable} {command line}
   size_t SoftMaxHeapSize                          = 2122317824                             {manageable} {ergonomic}
     bool UseCompressedClassPointers               = true                           {product lp64_product} {ergonomic}
     bool UseCompressedOops                        = true                           {product lp64_product} {ergonomic}
     bool UseG1GC                                  = true                                      {product} {ergonomic}
     bool UseLargePagesIndividualAllocation        = false                                  {pd product} {ergonomic}

Logging:
Log output configuration:
 #0: stdout all=warning uptime,level,tags
 #1: stderr all=off uptime,level,tags

Environment Variables:
JAVA_HOME=C:\Program Files\Java\jdk-17.0.2
PATH=C:/Users/janil/Downloads/sts-4.13.1.RELEASE//plugins/org.eclipse.justj.openjdk.hotspot.jre.full.win32.x86_64_17.0.1.v20211116-1657/jre/bin/server;C:/Users/janil/Downloads/sts-4.13.1.RELEASE//plugins/org.eclipse.justj.openjdk.hotspot.jre.full.win32.x86_64_17.0.1.v20211116-1657/jre/bin;C:\Program Files\Common Files\Oracle\Java\javapath;C:\Program Files\Microsoft MPI\Bin\;C:\Python310\Scripts\;C:\Python310\;C:\Windows\system32;C:\Windows;C:\Windows\System32\Wbem;C:\Windows\System32\WindowsPowerShell\v1.0\;C:\Windows\System32\OpenSSH\;C:\Program Files\nodejs\;C:\ProgramData\chocolatey\bin;C:\Program Files\Microsoft SQL Server\150\Tools\Binn\;C:\Program Files\Microsoft SQL Server\Client SDK\ODBC\170\Tools\Binn\;C:\Program Files\dotnet\;C:\Program Files (x86)\Microsoft SQL Server\150\DTS\Binn\;C:\Program Files\Azure Data Studio\bin;C:\Program Files\Git\cmd;C:\Program Files (x86)\Microsoft SQL Server\150\Tools\Binn\;C:\Program Files\Microsoft SQL Server\150\DTS\Binn\;C:\Program Files (x86)\dotnet\;C:\Program Files\MySQL\MySQL Shell 8.0\bin\;C:\Users\janil\AppData\Local\Microsoft\WindowsApps;C:\Users\janil\AppData\Roaming\npm;C:\Users\janil\.dotnet\tools;C:\Program Files\Azure Data Studio\bin;C:\Users\janil\AppData\Local\Programs\Microsoft VS Code\bin;C:\Users\janil\Downloads\sts-4.13.1.RELEASE;
USERNAME=janil
OS=Windows_NT
PROCESSOR_IDENTIFIER=Intel64 Family 6 Model 58 Stepping 9, GenuineIntel



---------------  S Y S T E M  ---------------

OS:
 Windows 10 , 64 bit Build 22000 (10.0.22000.434)
OS uptime: 0 days 16:26 hours

CPU: total 4 (initial active 4) (2 cores per cpu, 2 threads per core) family 6 model 58 stepping 9 microcode 0x21, cx8, cmov, fxsr, ht, mmx, sse, sse2, sse3, ssse3, sse4.1, sse4.2, popcnt, tsc, tscinvbit, avx, erms, clmul, vzeroupper, clflush

Memory: 4k page, system-wide physical 8090M (1099M free)
TotalPageFile size 22316M (AvailPageFile size 9M)
current process WorkingSet (physical memory assigned to process): 242M, peak: 248M
current process commit charge ("private bytes"): 280M, peak: 292M

vm_info: OpenJDK 64-Bit Server VM (17.0.1+12) for windows-amd64 JRE (17.0.1+12), built on Oct 20 2021 07:42:55 by "" with MS VC++ 16.7 (VS2019)

END.
