#
# There is insufficient memory for the Java Runtime Environment to continue.
# Native memory allocation (malloc) failed to allocate 295168 bytes for Chunk::new
# Possible reasons:
#   The system is out of physical RAM or swap space
#   The process is running with CompressedOops enabled, and the Java Heap may be blocking the growth of the native heap
# Possible solutions:
#   Reduce memory load on the system
#   Increase physical memory or swap space
#   Check if swap backing store is full
#   Decrease Java heap size (-Xmx/-Xms)
#   Decrease number of Java threads
#   Decrease Java thread stack sizes (-Xss)
#   Set larger code cache with -XX:ReservedCodeCacheSize=
#   JVM is running with Unscaled Compressed Oops mode in which the Java heap is
#     placed in the first 4GB address space. The Java Heap base address is the
#     maximum limit for the native heap growth. Please use -XX:HeapBaseMinAddress
#     to set the Java Heap base and to place the Java Heap above 4GB virtual address.
# This output file may be truncated or incomplete.
#
#  Out of Memory Error (arena.cpp:189), pid=10204, tid=9244
#
# JRE version: OpenJDK Runtime Environment Temurin-17.0.1+12 (17.0.1+12) (build 17.0.1+12)
# Java VM: OpenJDK 64-Bit Server VM Temurin-17.0.1+12 (17.0.1+12, mixed mode, tiered, compressed oops, compressed class ptrs, g1 gc, windows-amd64)
# No core dump will be written. Minidumps are not enabled by default on client versions of Windows
#

---------------  S U M M A R Y ------------

Command Line: -Dfile.encoding=Cp1252 -XX:+ShowCodeDetailsInExceptionMessages com.recode.SistemaVendasApplication

Host: Intel(R) Core(TM) i3-3130M CPU @ 2.60GHz, 4 cores, 7G,  Windows 10 , 64 bit Build 22000 (10.0.22000.434)
Time: Thu Mar 17 20:31:53 2022 Hora oficial do Brasil elapsed time: 97.608691 seconds (0d 0h 1m 37s)

---------------  T H R E A D  ---------------

Current thread (0x000001dab381df20):  JavaThread "C2 CompilerThread0" daemon [_thread_in_native, id=9244, stack(0x0000006391f00000,0x0000006392000000)]


Current CompileTask:
C2:  97608 10158   !   4       org.hibernate.resource.jdbc.internal.ResourceRegistryStandardImpl::close (116 bytes)

Stack: [0x0000006391f00000,0x0000006392000000]
Native frames: (J=compiled Java code, j=interpreted, Vv=VM code, C=native code)
V  [jvm.dll+0x6744da]
V  [jvm.dll+0x82e144]
V  [jvm.dll+0x82f8ee]
V  [jvm.dll+0x82ff53]
V  [jvm.dll+0x245175]
V  [jvm.dll+0xab85b]
V  [jvm.dll+0xabdec]
V  [jvm.dll+0x362f07]
V  [jvm.dll+0x1bb698]
V  [jvm.dll+0x218189]
V  [jvm.dll+0x217451]
V  [jvm.dll+0x1a355d]
V  [jvm.dll+0x226e38]
V  [jvm.dll+0x224f7c]
V  [jvm.dll+0x7e3f5b]
V  [jvm.dll+0x7de51a]
V  [jvm.dll+0x673305]
C  [ucrtbase.dll+0x26c0c]
C  [KERNEL32.DLL+0x154e0]
C  [ntdll.dll+0x485b]


---------------  P R O C E S S  ---------------

Threads class SMR info:
_java_thread_list=0x000001dab7814c40, length=31, elements={
0x000001dab2c423f0, 0x000001dab2c43ce0, 0x000001dab2ca05d0, 0x000001dab2c85bb0,
0x000001dab2c86d00, 0x000001dab2c88b90, 0x000001dab381df20, 0x000001dab381f0b0,
0x000001dab382ca30, 0x000001dab39728c0, 0x000001dab3986bf0, 0x000001dab7bb7960,
0x000001dab4f31880, 0x000001dab8464e70, 0x000001dab578f720, 0x000001dab4d44740,
0x000001dab4d42590, 0x000001dab4d438d0, 0x000001dab4d40d80, 0x000001dab4d43400,
0x000001dab4d41720, 0x000001dab4d41250, 0x000001dab4d42f30, 0x000001dab4d420c0,
0x000001dab7102bb0, 0x000001dab7100a00, 0x000001dab7103080, 0x000001dab71026e0,
0x000001dab7100530, 0x000001dab7100060, 0x000001dab7103550
}

Java Threads: ( => current thread )
  0x000001dab2c423f0 JavaThread "Reference Handler" daemon [_thread_blocked, id=1692, stack(0x0000006391900000,0x0000006391a00000)]
  0x000001dab2c43ce0 JavaThread "Finalizer" daemon [_thread_blocked, id=20464, stack(0x0000006391a00000,0x0000006391b00000)]
  0x000001dab2ca05d0 JavaThread "Signal Dispatcher" daemon [_thread_blocked, id=11360, stack(0x0000006391b00000,0x0000006391c00000)]
  0x000001dab2c85bb0 JavaThread "Attach Listener" daemon [_thread_blocked, id=20188, stack(0x0000006391c00000,0x0000006391d00000)]
  0x000001dab2c86d00 JavaThread "Service Thread" daemon [_thread_blocked, id=20292, stack(0x0000006391d00000,0x0000006391e00000)]
  0x000001dab2c88b90 JavaThread "Monitor Deflation Thread" daemon [_thread_blocked, id=16768, stack(0x0000006391e00000,0x0000006391f00000)]
=>0x000001dab381df20 JavaThread "C2 CompilerThread0" daemon [_thread_in_native, id=9244, stack(0x0000006391f00000,0x0000006392000000)]
  0x000001dab381f0b0 JavaThread "C1 CompilerThread0" daemon [_thread_blocked, id=8928, stack(0x0000006392000000,0x0000006392100000)]
  0x000001dab382ca30 JavaThread "Sweeper thread" daemon [_thread_blocked, id=19960, stack(0x0000006392100000,0x0000006392200000)]
  0x000001dab39728c0 JavaThread "Notification Thread" daemon [_thread_blocked, id=6740, stack(0x0000006392200000,0x0000006392300000)]
  0x000001dab3986bf0 JavaThread "Common-Cleaner" daemon [_thread_blocked, id=16256, stack(0x0000006392400000,0x0000006392500000)]
  0x000001dab7bb7960 JavaThread "Catalina-utility-1" [_thread_blocked, id=8260, stack(0x0000006392c00000,0x0000006392d00000)]
  0x000001dab4f31880 JavaThread "Catalina-utility-2" [_thread_blocked, id=12044, stack(0x0000006392d00000,0x0000006392e00000)]
  0x000001dab8464e70 JavaThread "container-0" [_thread_blocked, id=13500, stack(0x0000006392e00000,0x0000006392f00000)]
  0x000001dab578f720 JavaThread "mysql-cj-abandoned-connection-cleanup" daemon [_thread_blocked, id=15540, stack(0x0000006392f00000,0x0000006393000000)]
  0x000001dab4d44740 JavaThread "HikariPool-1 housekeeper" daemon [_thread_blocked, id=17224, stack(0x0000006393100000,0x0000006393200000)]
  0x000001dab4d42590 JavaThread "File Watcher" daemon [_thread_blocked, id=14372, stack(0x0000006393300000,0x0000006393400000)]
  0x000001dab4d438d0 JavaThread "Live Reload Server" daemon [_thread_in_native, id=15524, stack(0x0000006393500000,0x0000006393600000)]
  0x000001dab4d40d80 JavaThread "http-nio-8080-Poller" daemon [_thread_in_native, id=10912, stack(0x0000006393400000,0x0000006393500000)]
  0x000001dab4d43400 JavaThread "http-nio-8080-Acceptor" daemon [_thread_in_native, id=2144, stack(0x0000006393600000,0x0000006393700000)]
  0x000001dab4d41720 JavaThread "DestroyJavaVM" [_thread_blocked, id=18120, stack(0x0000006391200000,0x0000006391300000)]
  0x000001dab4d41250 JavaThread "http-nio-8080-exec-1" daemon [_thread_blocked, id=7236, stack(0x0000006393000000,0x0000006393100000)]
  0x000001dab4d42f30 JavaThread "http-nio-8080-exec-2" daemon [_thread_blocked, id=13020, stack(0x0000006393700000,0x0000006393800000)]
  0x000001dab4d420c0 JavaThread "http-nio-8080-exec-3" daemon [_thread_blocked, id=13756, stack(0x0000006393200000,0x0000006393300000)]
  0x000001dab7102bb0 JavaThread "http-nio-8080-exec-4" daemon [_thread_blocked, id=19336, stack(0x0000006393800000,0x0000006393900000)]
  0x000001dab7100a00 JavaThread "http-nio-8080-exec-5" daemon [_thread_blocked, id=17748, stack(0x0000006393900000,0x0000006393a00000)]
  0x000001dab7103080 JavaThread "http-nio-8080-exec-6" daemon [_thread_blocked, id=18312, stack(0x0000006393a00000,0x0000006393b00000)]
  0x000001dab71026e0 JavaThread "http-nio-8080-exec-7" daemon [_thread_blocked, id=19324, stack(0x0000006393c00000,0x0000006393d00000)]
  0x000001dab7100530 JavaThread "http-nio-8080-exec-8" daemon [_thread_blocked, id=10756, stack(0x0000006393d00000,0x0000006393e00000)]
  0x000001dab7100060 JavaThread "http-nio-8080-exec-9" daemon [_thread_blocked, id=13976, stack(0x0000006393e00000,0x0000006393f00000)]
  0x000001dab7103550 JavaThread "http-nio-8080-exec-10" daemon [_thread_in_native, id=7572, stack(0x0000006393f00000,0x0000006394000000)]

Other Threads:
  0x000001dab2c39580 VMThread "VM Thread" [stack: 0x0000006391800000,0x0000006391900000] [id=9392]
  0x000001dab3978db0 WatcherThread [stack: 0x0000006392300000,0x0000006392400000] [id=8916]
  0x000001da995daf80 GCTaskThread "GC Thread#0" [stack: 0x0000006391300000,0x0000006391400000] [id=10816]
  0x000001dab4dd33f0 GCTaskThread "GC Thread#1" [stack: 0x0000006392600000,0x0000006392700000] [id=16356]
  0x000001dab4dd36a0 GCTaskThread "GC Thread#2" [stack: 0x0000006392700000,0x0000006392800000] [id=16036]
  0x000001dab40acd90 GCTaskThread "GC Thread#3" [stack: 0x0000006392800000,0x0000006392900000] [id=18480]
  0x000001da995ebbc0 ConcurrentGCThread "G1 Main Marker" [stack: 0x0000006391400000,0x0000006391500000] [id=2848]
  0x000001da995ecd70 ConcurrentGCThread "G1 Conc#0" [stack: 0x0000006391500000,0x0000006391600000] [id=6172]
  0x000001da99662520 ConcurrentGCThread "G1 Refine#0" [stack: 0x0000006391600000,0x0000006391700000] [id=11592]
  0x000001dab4031240 ConcurrentGCThread "G1 Refine#1" [stack: 0x0000006392900000,0x0000006392a00000] [id=220]
  0x000001da99662f40 ConcurrentGCThread "G1 Service" [stack: 0x0000006391700000,0x0000006391800000] [id=10320]

Threads with active compile tasks:
C2 CompilerThread0    97661 10158   !   4       org.hibernate.resource.jdbc.internal.ResourceRegistryStandardImpl::close (116 bytes)

VM state: not at safepoint (normal execution)

VM Mutex/Monitor currently owned by a thread: None

Heap address: 0x0000000081800000, size: 2024 MB, Compressed Oops mode: 32-bit

CDS archive(s) not mapped
Compressed class space mapped at: 0x0000000100000000-0x0000000140000000, reserved size: 1073741824
Narrow klass base: 0x0000000000000000, Narrow klass shift: 3, Narrow klass range: 0x140000000

GC Precious Log:
 CPUs: 4 total, 4 available
 Memory: 8090M
 Large Page Support: Disabled
 NUMA Support: Disabled
 Compressed Oops: Enabled (32-bit)
 Heap Region Size: 1M
 Heap Min Capacity: 8M
 Heap Initial Capacity: 128M
 Heap Max Capacity: 2024M
 Pre-touch: Disabled
 Parallel Workers: 4
 Concurrent Workers: 1
 Concurrent Refinement Workers: 4
 Periodic GC: Disabled

Heap:
 garbage-first heap   total 61440K, used 38195K [0x0000000081800000, 0x0000000100000000)
  region size 1024K, 11 young (11264K), 1 survivors (1024K)
 Metaspace       used 73646K, committed 74112K, reserved 1114112K
  class space    used 8973K, committed 9216K, reserved 1048576K

Heap Regions: E=young(eden), S=young(survivor), O=old, HS=humongous(starts), HC=humongous(continues), CS=collection set, F=free, OA=open archive, CA=closed archive, TAMS=top-at-mark-start (previous, next)
|   0|0x0000000081800000, 0x0000000081900000, 0x0000000081900000|100%|HS|  |TAMS 0x0000000081900000, 0x0000000081800000| Complete 
|   1|0x0000000081900000, 0x0000000081a00000, 0x0000000081a00000|100%| O|  |TAMS 0x0000000081a00000, 0x0000000081900000| Untracked 
|   2|0x0000000081a00000, 0x0000000081b00000, 0x0000000081b00000|100%| O|  |TAMS 0x0000000081b00000, 0x0000000081a00000| Untracked 
|   3|0x0000000081b00000, 0x0000000081c00000, 0x0000000081c00000|100%| O|  |TAMS 0x0000000081c00000, 0x0000000081b00000| Untracked 
|   4|0x0000000081c00000, 0x0000000081d00000, 0x0000000081d00000|100%| O|  |TAMS 0x0000000081d00000, 0x0000000081c00000| Untracked 
|   5|0x0000000081d00000, 0x0000000081e00000, 0x0000000081e00000|100%| O|  |TAMS 0x0000000081e00000, 0x0000000081d00000| Untracked 
|   6|0x0000000081e00000, 0x0000000081e00000, 0x0000000081f00000|  0%| F|  |TAMS 0x0000000081e00000, 0x0000000081e00000| Untracked 
|   7|0x0000000081f00000, 0x0000000082000000, 0x0000000082000000|100%| O|  |TAMS 0x0000000082000000, 0x0000000081f00000| Untracked 
|   8|0x0000000082000000, 0x0000000082100000, 0x0000000082100000|100%| O|  |TAMS 0x0000000082100000, 0x0000000082000000| Untracked 
|   9|0x0000000082100000, 0x0000000082200000, 0x0000000082200000|100%| O|  |TAMS 0x0000000082200000, 0x0000000082100000| Untracked 
|  10|0x0000000082200000, 0x0000000082300000, 0x0000000082300000|100%| O|  |TAMS 0x0000000082300000, 0x0000000082200000| Untracked 
|  11|0x0000000082300000, 0x0000000082400000, 0x0000000082400000|100%| O|  |TAMS 0x0000000082400000, 0x0000000082300000| Untracked 
|  12|0x0000000082400000, 0x0000000082500000, 0x0000000082500000|100%| O|  |TAMS 0x0000000082500000, 0x0000000082400000| Untracked 
|  13|0x0000000082500000, 0x0000000082600000, 0x0000000082600000|100%| O|  |TAMS 0x0000000082600000, 0x0000000082500000| Untracked 
|  14|0x0000000082600000, 0x0000000082700000, 0x0000000082700000|100%| O|  |TAMS 0x0000000082700000, 0x0000000082600000| Untracked 
|  15|0x0000000082700000, 0x0000000082751e00, 0x0000000082800000| 31%| O|  |TAMS 0x0000000082751e00, 0x0000000082700000| Untracked 
|  16|0x0000000082800000, 0x0000000082900000, 0x0000000082900000|100%| O|  |TAMS 0x0000000082900000, 0x0000000082800000| Untracked 
|  17|0x0000000082900000, 0x0000000082a00000, 0x0000000082a00000|100%| O|  |TAMS 0x0000000082a00000, 0x0000000082900000| Untracked 
|  18|0x0000000082a00000, 0x0000000082b00000, 0x0000000082b00000|100%| O|  |TAMS 0x0000000082b00000, 0x0000000082a00000| Untracked 
|  19|0x0000000082b00000, 0x0000000082c00000, 0x0000000082c00000|100%| O|  |TAMS 0x0000000082c00000, 0x0000000082b00000| Untracked 
|  20|0x0000000082c00000, 0x0000000082d00000, 0x0000000082d00000|100%| O|  |TAMS 0x0000000082d00000, 0x0000000082c00000| Untracked 
|  21|0x0000000082d00000, 0x0000000082e00000, 0x0000000082e00000|100%| O|  |TAMS 0x0000000082e00000, 0x0000000082d00000| Untracked 
|  22|0x0000000082e00000, 0x0000000082f00000, 0x0000000082f00000|100%| O|  |TAMS 0x0000000082f00000, 0x0000000082e00000| Untracked 
|  23|0x0000000082f00000, 0x0000000083000000, 0x0000000083000000|100%| O|  |TAMS 0x0000000083000000, 0x0000000082f00000| Untracked 
|  24|0x0000000083000000, 0x0000000083100000, 0x0000000083100000|100%| O|  |TAMS 0x0000000083100000, 0x0000000083000000| Untracked 
|  25|0x0000000083100000, 0x0000000083200000, 0x0000000083200000|100%| O|  |TAMS 0x0000000083200000, 0x0000000083100000| Untracked 
|  26|0x0000000083200000, 0x0000000083300000, 0x0000000083300000|100%| O|  |TAMS 0x0000000083300000, 0x0000000083200000| Untracked 
|  27|0x0000000083300000, 0x0000000083400000, 0x0000000083400000|100%| O|  |TAMS 0x0000000083400000, 0x0000000083300000| Untracked 
|  28|0x0000000083400000, 0x0000000083500000, 0x0000000083500000|100%| O|  |TAMS 0x0000000083500000, 0x0000000083400000| Untracked 
|  29|0x0000000083500000, 0x00000000835e4200, 0x0000000083600000| 89%| O|  |TAMS 0x00000000835d9600, 0x0000000083500000| Untracked 
|  30|0x0000000083600000, 0x0000000083600000, 0x0000000083700000|  0%| F|  |TAMS 0x0000000083600000, 0x0000000083600000| Untracked 
|  31|0x0000000083700000, 0x0000000083700000, 0x0000000083800000|  0%| F|  |TAMS 0x0000000083700000, 0x0000000083700000| Untracked 
|  32|0x0000000083800000, 0x0000000083800000, 0x0000000083900000|  0%| F|  |TAMS 0x0000000083800000, 0x0000000083800000| Untracked 
|  33|0x0000000083900000, 0x0000000083900000, 0x0000000083a00000|  0%| F|  |TAMS 0x0000000083900000, 0x0000000083900000| Untracked 
|  34|0x0000000083a00000, 0x0000000083a00000, 0x0000000083b00000|  0%| F|  |TAMS 0x0000000083a00000, 0x0000000083a00000| Untracked 
|  35|0x0000000083b00000, 0x0000000083b00000, 0x0000000083c00000|  0%| F|  |TAMS 0x0000000083b00000, 0x0000000083b00000| Untracked 
|  36|0x0000000083c00000, 0x0000000083c16f18, 0x0000000083d00000|  8%| S|CS|TAMS 0x0000000083c00000, 0x0000000083c00000| Complete 
|  37|0x0000000083d00000, 0x0000000083d00000, 0x0000000083e00000|  0%| F|  |TAMS 0x0000000083d00000, 0x0000000083d00000| Untracked 
|  38|0x0000000083e00000, 0x0000000083e00000, 0x0000000083f00000|  0%| F|  |TAMS 0x0000000083e00000, 0x0000000083e00000| Untracked 
|  39|0x0000000083f00000, 0x0000000083f00000, 0x0000000084000000|  0%| F|  |TAMS 0x0000000083f00000, 0x0000000083f00000| Untracked 
|  40|0x0000000084000000, 0x0000000084000000, 0x0000000084100000|  0%| F|  |TAMS 0x0000000084000000, 0x0000000084000000| Untracked 
|  41|0x0000000084100000, 0x0000000084100000, 0x0000000084200000|  0%| F|  |TAMS 0x0000000084100000, 0x0000000084100000| Untracked 
|  42|0x0000000084200000, 0x0000000084200000, 0x0000000084300000|  0%| F|  |TAMS 0x0000000084200000, 0x0000000084200000| Untracked 
|  43|0x0000000084300000, 0x0000000084300000, 0x0000000084400000|  0%| F|  |TAMS 0x0000000084300000, 0x0000000084300000| Untracked 
|  44|0x0000000084400000, 0x0000000084400000, 0x0000000084500000|  0%| F|  |TAMS 0x0000000084400000, 0x0000000084400000| Untracked 
|  45|0x0000000084500000, 0x0000000084500000, 0x0000000084600000|  0%| F|  |TAMS 0x0000000084500000, 0x0000000084500000| Untracked 
|  46|0x0000000084600000, 0x0000000084600000, 0x0000000084700000|  0%| F|  |TAMS 0x0000000084600000, 0x0000000084600000| Untracked 
|  47|0x0000000084700000, 0x0000000084700000, 0x0000000084800000|  0%| F|  |TAMS 0x0000000084700000, 0x0000000084700000| Untracked 
|  48|0x0000000084800000, 0x0000000084800000, 0x0000000084900000|  0%| F|  |TAMS 0x0000000084800000, 0x0000000084800000| Untracked 
|  49|0x0000000084900000, 0x0000000084900000, 0x0000000084a00000|  0%| F|  |TAMS 0x0000000084900000, 0x0000000084900000| Untracked 
|  50|0x0000000084a00000, 0x0000000084a51d50, 0x0000000084b00000| 31%| E|  |TAMS 0x0000000084a00000, 0x0000000084a00000| Complete 
|  51|0x0000000084b00000, 0x0000000084c00000, 0x0000000084c00000|100%| E|CS|TAMS 0x0000000084b00000, 0x0000000084b00000| Complete 
|  52|0x0000000084c00000, 0x0000000084d00000, 0x0000000084d00000|100%| E|CS|TAMS 0x0000000084c00000, 0x0000000084c00000| Complete 
|  53|0x0000000084d00000, 0x0000000084e00000, 0x0000000084e00000|100%| E|CS|TAMS 0x0000000084d00000, 0x0000000084d00000| Complete 
|  54|0x0000000084e00000, 0x0000000084f00000, 0x0000000084f00000|100%| E|CS|TAMS 0x0000000084e00000, 0x0000000084e00000| Complete 
|  55|0x0000000084f00000, 0x0000000085000000, 0x0000000085000000|100%| E|CS|TAMS 0x0000000084f00000, 0x0000000084f00000| Complete 
|  56|0x0000000085000000, 0x0000000085100000, 0x0000000085100000|100%| E|CS|TAMS 0x0000000085000000, 0x0000000085000000| Complete 
|  57|0x0000000085100000, 0x0000000085200000, 0x0000000085200000|100%| E|CS|TAMS 0x0000000085100000, 0x0000000085100000| Complete 
|  58|0x0000000085200000, 0x0000000085300000, 0x0000000085300000|100%| E|CS|TAMS 0x0000000085200000, 0x0000000085200000| Complete 
| 127|0x0000000089700000, 0x0000000089800000, 0x0000000089800000|100%| E|CS|TAMS 0x0000000089700000, 0x0000000089700000| Complete 

Card table byte_map: [0x000001daac040000,0x000001daac440000] _byte_map_base: 0x000001daabc34000

Marking Bits (Prev, Next): (CMBitMap*) 0x000001da995db590, (CMBitMap*) 0x000001da995db5d0
 Prev Bits: [0x000001daac840000, 0x000001daae7e0000)
 Next Bits: [0x000001daae7e0000, 0x000001dab0780000)

Polling page: 0x000001da97580000

Metaspace:

Usage:
  Non-class:     63.16 MB used.
      Class:      8.76 MB used.
       Both:     71.92 MB used.

Virtual space:
  Non-class space:       64.00 MB reserved,      63.38 MB (>99%) committed,  8 nodes.
      Class space:        1.00 GB reserved,       9.00 MB ( <1%) committed,  1 nodes.
             Both:        1.06 GB reserved,      72.38 MB (  7%) committed. 

Chunk freelists:
   Non-Class:  144.00 KB
       Class:  2.85 MB
        Both:  2.99 MB

MaxMetaspaceSize: unlimited
CompressedClassSpaceSize: 1.00 GB
Initial GC threshold: 21.00 MB
Current GC threshold: 120.44 MB
CDS: off
MetaspaceReclaimPolicy: balanced
 - commit_granule_bytes: 65536.
 - commit_granule_words: 8192.
 - virtual_space_node_default_size: 1048576.
 - enlarge_chunks_in_place: 1.
 - new_chunks_are_fully_committed: 0.
 - uncommit_free_chunks: 1.
 - use_allocation_guard: 0.
 - handle_deallocations: 1.


Internal statistics:

num_allocs_failed_limit: 11.
num_arena_births: 518.
num_arena_deaths: 4.
num_vsnodes_births: 9.
num_vsnodes_deaths: 0.
num_space_committed: 1158.
num_space_uncommitted: 0.
num_chunks_returned_to_freelist: 17.
num_chunks_taken_from_freelist: 2837.
num_chunk_merges: 11.
num_chunk_splits: 1986.
num_chunks_enlarged: 1526.
num_purges: 2.
num_inconsistent_stats: 0.

CodeHeap 'non-profiled nmethods': size=120000Kb used=7484Kb max_used=7484Kb free=112515Kb
 bounds [0x000001daa4710000, 0x000001daa4e60000, 0x000001daabc40000]
CodeHeap 'profiled nmethods': size=120000Kb used=17317Kb max_used=18543Kb free=102682Kb
 bounds [0x000001da9d1e0000, 0x000001da9e400000, 0x000001daa4710000]
CodeHeap 'non-nmethods': size=5760Kb used=1344Kb max_used=1405Kb free=4415Kb
 bounds [0x000001da9cc40000, 0x000001da9ceb0000, 0x000001da9d1e0000]
 total_blobs=9259 nmethods=8586 adapters=585
 compilation: enabled
              stopped_count=0, restarted_count=0
 full_count=0

Compilation events (20 events):
Event: 97.271 Thread 0x000001dab381df20 nmethod 10148 0x000001daa4e56b90 code [0x000001daa4e56d20, 0x000001daa4e57038]
Event: 97.279 Thread 0x000001dab381df20 10149       4       org.apache.coyote.AbstractProtocol$ConnectionHandler::release (85 bytes)
Event: 97.309 Thread 0x000001dab381df20 nmethod 10149 0x000001daa4e57190 code [0x000001daa4e573a0, 0x000001daa4e58218]
Event: 97.406 Thread 0x000001dab381df20 10150       4       sun.util.calendar.BaseCalendar$Date::<init> (32 bytes)
Event: 97.408 Thread 0x000001dab381df20 nmethod 10150 0x000001daa4e58d10 code [0x000001daa4e58e80, 0x000001daa4e58fd8]
Event: 97.414 Thread 0x000001dab381df20 10151   !   4       org.apache.catalina.core.StandardContext::getLoader (38 bytes)
Event: 97.426 Thread 0x000001dab381df20 nmethod 10151 0x000001daa4e59090 code [0x000001daa4e59260, 0x000001daa4e59818]
Event: 97.426 Thread 0x000001dab381df20 10152       4       java.util.Comparators$NullComparator::compare (65 bytes)
Event: 97.428 Thread 0x000001dab381df20 nmethod 10152 0x000001daa4e59e10 code [0x000001daa4e59fa0, 0x000001daa4e5a0c8]
Event: 97.432 Thread 0x000001dab381df20 10153   !   4       sun.util.locale.provider.JRELocaleProviderAdapter::getCalendarProvider (51 bytes)
Event: 97.433 Thread 0x000001dab381df20 nmethod 10153 0x000001daa4e5a210 code [0x000001daa4e5a380, 0x000001daa4e5a418]
Event: 97.437 Thread 0x000001dab381df20 10154       4       java.util.Calendar::<init> (59 bytes)
Event: 97.466 Thread 0x000001dab381df20 nmethod 10154 0x000001daa4e5a510 code [0x000001daa4e5a700, 0x000001daa4e5b1f8]
Event: 97.466 Thread 0x000001dab381df20 10155   !   4       java.util.Calendar::createCalendar (289 bytes)
Event: 97.505 Thread 0x000001dab381df20 nmethod 10155 0x000001daa4e5b810 code [0x000001daa4e5bac0, 0x000001daa4e5c6f8]
Event: 97.505 Thread 0x000001dab381df20 10156   !   4       com.mysql.cj.jdbc.ConnectionImpl::getAutoCommit (37 bytes)
Event: 97.509 Thread 0x000001dab381df20 nmethod 10156 0x000001daa4e5d310 code [0x000001daa4e5d4a0, 0x000001daa4e5d718]
Event: 97.509 Thread 0x000001dab381df20 10157       4       org.hibernate.engine.jdbc.spi.SqlStatementLogger::logStatement (105 bytes)
Event: 97.537 Thread 0x000001dab381df20 nmethod 10157 0x000001daa4e5d910 code [0x000001daa4e5db80, 0x000001daa4e5e650]
Event: 97.537 Thread 0x000001dab381df20 10158   !   4       org.hibernate.resource.jdbc.internal.ResourceRegistryStandardImpl::close (116 bytes)

GC Heap History (20 events):
Event: 80.289 GC heap before
{Heap before GC invocations=35 (full 0):
 garbage-first heap   total 61440K, used 50423K [0x0000000081800000, 0x0000000100000000)
  region size 1024K, 23 young (23552K), 2 survivors (2048K)
 Metaspace       used 73639K, committed 74112K, reserved 1114112K
  class space    used 8972K, committed 9216K, reserved 1048576K
}
Event: 80.295 GC heap after
{Heap after GC invocations=36 (full 0):
 garbage-first heap   total 61440K, used 29017K [0x0000000081800000, 0x0000000100000000)
  region size 1024K, 2 young (2048K), 2 survivors (2048K)
 Metaspace       used 73639K, committed 74112K, reserved 1114112K
  class space    used 8972K, committed 9216K, reserved 1048576K
}
Event: 82.617 GC heap before
{Heap before GC invocations=36 (full 0):
 garbage-first heap   total 61440K, used 50521K [0x0000000081800000, 0x0000000100000000)
  region size 1024K, 23 young (23552K), 2 survivors (2048K)
 Metaspace       used 73642K, committed 74112K, reserved 1114112K
  class space    used 8972K, committed 9216K, reserved 1048576K
}
Event: 82.622 GC heap after
{Heap after GC invocations=37 (full 0):
 garbage-first heap   total 61440K, used 28974K [0x0000000081800000, 0x0000000100000000)
  region size 1024K, 2 young (2048K), 2 survivors (2048K)
 Metaspace       used 73642K, committed 74112K, reserved 1114112K
  class space    used 8972K, committed 9216K, reserved 1048576K
}
Event: 84.417 GC heap before
{Heap before GC invocations=38 (full 0):
 garbage-first heap   total 61440K, used 50478K [0x0000000081800000, 0x0000000100000000)
  region size 1024K, 23 young (23552K), 2 survivors (2048K)
 Metaspace       used 73643K, committed 74112K, reserved 1114112K
  class space    used 8972K, committed 9216K, reserved 1048576K
}
Event: 84.423 GC heap after
{Heap after GC invocations=39 (full 0):
 garbage-first heap   total 61440K, used 29011K [0x0000000081800000, 0x0000000100000000)
  region size 1024K, 2 young (2048K), 2 survivors (2048K)
 Metaspace       used 73643K, committed 74112K, reserved 1114112K
  class space    used 8972K, committed 9216K, reserved 1048576K
}
Event: 86.426 GC heap before
{Heap before GC invocations=39 (full 0):
 garbage-first heap   total 61440K, used 50515K [0x0000000081800000, 0x0000000100000000)
  region size 1024K, 23 young (23552K), 2 survivors (2048K)
 Metaspace       used 73643K, committed 74112K, reserved 1114112K
  class space    used 8972K, committed 9216K, reserved 1048576K
}
Event: 86.432 GC heap after
{Heap after GC invocations=40 (full 0):
 garbage-first heap   total 61440K, used 29057K [0x0000000081800000, 0x0000000100000000)
  region size 1024K, 2 young (2048K), 2 survivors (2048K)
 Metaspace       used 73643K, committed 74112K, reserved 1114112K
  class space    used 8972K, committed 9216K, reserved 1048576K
}
Event: 88.380 GC heap before
{Heap before GC invocations=41 (full 0):
 garbage-first heap   total 61440K, used 50561K [0x0000000081800000, 0x0000000100000000)
  region size 1024K, 23 young (23552K), 2 survivors (2048K)
 Metaspace       used 73643K, committed 74112K, reserved 1114112K
  class space    used 8972K, committed 9216K, reserved 1048576K
}
Event: 88.386 GC heap after
{Heap after GC invocations=42 (full 0):
 garbage-first heap   total 61440K, used 28930K [0x0000000081800000, 0x0000000100000000)
  region size 1024K, 2 young (2048K), 2 survivors (2048K)
 Metaspace       used 73643K, committed 74112K, reserved 1114112K
  class space    used 8972K, committed 9216K, reserved 1048576K
}
Event: 90.115 GC heap before
{Heap before GC invocations=42 (full 0):
 garbage-first heap   total 61440K, used 50434K [0x0000000081800000, 0x0000000100000000)
  region size 1024K, 23 young (23552K), 2 survivors (2048K)
 Metaspace       used 73643K, committed 74112K, reserved 1114112K
  class space    used 8972K, committed 9216K, reserved 1048576K
}
Event: 90.120 GC heap after
{Heap after GC invocations=43 (full 0):
 garbage-first heap   total 61440K, used 28971K [0x0000000081800000, 0x0000000100000000)
  region size 1024K, 1 young (1024K), 1 survivors (1024K)
 Metaspace       used 73643K, committed 74112K, reserved 1114112K
  class space    used 8972K, committed 9216K, reserved 1048576K
}
Event: 92.385 GC heap before
{Heap before GC invocations=44 (full 0):
 garbage-first heap   total 61440K, used 51499K [0x0000000081800000, 0x0000000100000000)
  region size 1024K, 23 young (23552K), 1 survivors (1024K)
 Metaspace       used 73645K, committed 74112K, reserved 1114112K
  class space    used 8972K, committed 9216K, reserved 1048576K
}
Event: 92.388 GC heap after
{Heap after GC invocations=45 (full 0):
 garbage-first heap   total 61440K, used 29003K [0x0000000081800000, 0x0000000100000000)
  region size 1024K, 1 young (1024K), 1 survivors (1024K)
 Metaspace       used 73645K, committed 74112K, reserved 1114112K
  class space    used 8972K, committed 9216K, reserved 1048576K
}
Event: 92.521 GC heap before
{Heap before GC invocations=45 (full 0):
 garbage-first heap   total 61440K, used 31051K [0x0000000081800000, 0x0000000100000000)
  region size 1024K, 3 young (3072K), 1 survivors (1024K)
 Metaspace       used 73645K, committed 74112K, reserved 1114112K
  class space    used 8972K, committed 9216K, reserved 1048576K
}
Event: 92.524 GC heap after
{Heap after GC invocations=46 (full 0):
 garbage-first heap   total 61440K, used 28981K [0x0000000081800000, 0x0000000100000000)
  region size 1024K, 1 young (1024K), 1 survivors (1024K)
 Metaspace       used 73645K, committed 74112K, reserved 1114112K
  class space    used 8972K, committed 9216K, reserved 1048576K
}
Event: 94.413 GC heap before
{Heap before GC invocations=46 (full 0):
 garbage-first heap   total 61440K, used 52533K [0x0000000081800000, 0x0000000100000000)
  region size 1024K, 24 young (24576K), 1 survivors (1024K)
 Metaspace       used 73645K, committed 74112K, reserved 1114112K
  class space    used 8973K, committed 9216K, reserved 1048576K
}
Event: 94.415 GC heap after
{Heap after GC invocations=47 (full 0):
 garbage-first heap   total 61440K, used 28989K [0x0000000081800000, 0x0000000100000000)
  region size 1024K, 1 young (1024K), 1 survivors (1024K)
 Metaspace       used 73645K, committed 74112K, reserved 1114112K
  class space    used 8973K, committed 9216K, reserved 1048576K
}
Event: 96.501 GC heap before
{Heap before GC invocations=48 (full 0):
 garbage-first heap   total 61440K, used 52541K [0x0000000081800000, 0x0000000100000000)
  region size 1024K, 24 young (24576K), 1 survivors (1024K)
 Metaspace       used 73645K, committed 74112K, reserved 1114112K
  class space    used 8973K, committed 9216K, reserved 1048576K
}
Event: 96.503 GC heap after
{Heap after GC invocations=49 (full 0):
 garbage-first heap   total 61440K, used 28979K [0x0000000081800000, 0x0000000100000000)
  region size 1024K, 1 young (1024K), 1 survivors (1024K)
 Metaspace       used 73645K, committed 74112K, reserved 1114112K
  class space    used 8973K, committed 9216K, reserved 1048576K
}

Deoptimization events (20 events):
Event: 91.068 Thread 0x000001dab71026e0 Uncommon trap: trap_request=0xffffffd6 fr.pc=0x000001daa4e1e2ac relative=0x000000000000046c
Event: 91.068 Thread 0x000001dab71026e0 Uncommon trap: reason=array_check action=maybe_recompile pc=0x000001daa4e1e2ac method=org.hibernate.engine.internal.EntityEntryContext.reentrantSafeEntityEntries()[Ljava/util/Map$Entry; @ 57 c2
Event: 91.068 Thread 0x000001dab71026e0 DEOPT PACKING pc=0x000001daa4e1e2ac sp=0x0000006393cfcd50
Event: 91.068 Thread 0x000001dab71026e0 DEOPT UNPACKING pc=0x000001da9cc923a3 sp=0x0000006393cfcd08 mode 2
Event: 91.073 Thread 0x000001dab7100530 Uncommon trap: trap_request=0xffffffd6 fr.pc=0x000001daa4e1e2ac relative=0x000000000000046c
Event: 91.073 Thread 0x000001dab7100530 Uncommon trap: reason=array_check action=maybe_recompile pc=0x000001daa4e1e2ac method=org.hibernate.engine.internal.EntityEntryContext.reentrantSafeEntityEntries()[Ljava/util/Map$Entry; @ 57 c2
Event: 91.073 Thread 0x000001dab7100530 DEOPT PACKING pc=0x000001daa4e1e2ac sp=0x0000006393dfcd30
Event: 91.073 Thread 0x000001dab7100530 DEOPT UNPACKING pc=0x000001da9cc923a3 sp=0x0000006393dfcce8 mode 2
Event: 91.078 Thread 0x000001dab7100060 Uncommon trap: trap_request=0xffffffd6 fr.pc=0x000001daa4e1e2ac relative=0x000000000000046c
Event: 91.078 Thread 0x000001dab7100060 Uncommon trap: reason=array_check action=maybe_recompile pc=0x000001daa4e1e2ac method=org.hibernate.engine.internal.EntityEntryContext.reentrantSafeEntityEntries()[Ljava/util/Map$Entry; @ 57 c2
Event: 91.078 Thread 0x000001dab7100060 DEOPT PACKING pc=0x000001daa4e1e2ac sp=0x0000006393efd480
Event: 91.078 Thread 0x000001dab7100060 DEOPT UNPACKING pc=0x000001da9cc923a3 sp=0x0000006393efd438 mode 2
Event: 91.083 Thread 0x000001dab7103550 Uncommon trap: trap_request=0xffffffd6 fr.pc=0x000001daa4e1e2ac relative=0x000000000000046c
Event: 91.083 Thread 0x000001dab7103550 Uncommon trap: reason=array_check action=maybe_recompile pc=0x000001daa4e1e2ac method=org.hibernate.engine.internal.EntityEntryContext.reentrantSafeEntityEntries()[Ljava/util/Map$Entry; @ 57 c2
Event: 91.083 Thread 0x000001dab7103550 DEOPT PACKING pc=0x000001daa4e1e2ac sp=0x0000006393ffce40
Event: 91.083 Thread 0x000001dab7103550 DEOPT UNPACKING pc=0x000001da9cc923a3 sp=0x0000006393ffcdf8 mode 2
Event: 95.645 Thread 0x000001dab4d420c0 Uncommon trap: trap_request=0xffffff45 fr.pc=0x000001daa4d4142c relative=0x000000000000148c
Event: 95.645 Thread 0x000001dab4d420c0 Uncommon trap: reason=unstable_if action=reinterpret pc=0x000001daa4d4142c method=org.apache.tomcat.util.net.NioEndpoint$NioSocketWrapper.fillReadBuffer(ZLjava/nio/ByteBuffer;)I @ 217 c2
Event: 95.645 Thread 0x000001dab4d420c0 DEOPT PACKING pc=0x000001daa4d4142c sp=0x00000063932fef60
Event: 95.645 Thread 0x000001dab4d420c0 DEOPT UNPACKING pc=0x000001da9cc923a3 sp=0x00000063932fee48 mode 2

Classes unloaded (2 events):
Event: 55.025 Thread 0x000001dab2c39580 Unloading class 0x00000001007a6000 'jdk/internal/reflect/GeneratedSerializationConstructorAccessor2'
Event: 55.025 Thread 0x000001dab2c39580 Unloading class 0x00000001007a4000 'jdk/internal/reflect/GeneratedSerializationConstructorAccessor1'

Classes redefined (0 events):
No events

Internal exceptions (20 events):
Event: 15.461 Thread 0x000001dab514a010 Exception <a 'java/lang/ClassNotFoundException'{0x0000000084d812e8}: org/springframework/web/servlet/config/annotation/DelegatingWebMvcConfigurationCustomizer> (0x0000000084d812e8) 
thrown [e:\jenkins\tmp\workspace\build\src\src\hotspot\share\classfile\systemDictionary.cpp, line 256]
Event: 15.462 Thread 0x000001dab514a010 Exception <a 'java/lang/ClassNotFoundException'{0x0000000084d8a858}: org/springframework/boot/autoconfigure/web/servlet/WebMvcAutoConfiguration$EnableWebMvcConfigurationCustomizer> (0x0000000084d8a858) 
thrown [e:\jenkins\tmp\workspace\build\src\src\hotspot\share\classfile\systemDictionary.cpp, line 256]
Event: 15.464 Thread 0x000001dab514a010 Exception <a 'java/lang/ClassNotFoundException'{0x0000000084d9e0e8}: org/springframework/context/ResourceLoaderAwareCustomizer> (0x0000000084d9e0e8) 
thrown [e:\jenkins\tmp\workspace\build\src\src\hotspot\share\classfile\systemDictionary.cpp, line 256]
Event: 15.465 Thread 0x000001dab514a010 Exception <a 'java/lang/ClassNotFoundException'{0x0000000084da31d8}: org/springframework/beans/factory/AwareCustomizer> (0x0000000084da31d8) 
thrown [e:\jenkins\tmp\workspace\build\src\src\hotspot\share\classfile\systemDictionary.cpp, line 256]
Event: 15.465 Thread 0x000001dab514a010 Exception <a 'java/lang/ClassNotFoundException'{0x0000000084da7698}: org/springframework/context/ApplicationContextAwareCustomizer> (0x0000000084da7698) 
thrown [e:\jenkins\tmp\workspace\build\src\src\hotspot\share\classfile\systemDictionary.cpp, line 256]
Event: 15.466 Thread 0x000001dab514a010 Exception <a 'java/lang/ClassNotFoundException'{0x0000000084dad278}: org/springframework/beans/factory/AwareCustomizer> (0x0000000084dad278) 
thrown [e:\jenkins\tmp\workspace\build\src\src\hotspot\share\classfile\systemDictionary.cpp, line 256]
Event: 15.467 Thread 0x000001dab514a010 Exception <a 'java/lang/ClassNotFoundException'{0x0000000084db1710}: org/springframework/web/context/ServletContextAwareCustomizer> (0x0000000084db1710) 
thrown [e:\jenkins\tmp\workspace\build\src\src\hotspot\share\classfile\systemDictionary.cpp, line 256]
Event: 15.467 Thread 0x000001dab514a010 Exception <a 'java/lang/ClassNotFoundException'{0x0000000084db6c38}: org/springframework/beans/factory/AwareCustomizer> (0x0000000084db6c38) 
thrown [e:\jenkins\tmp\workspace\build\src\src\hotspot\share\classfile\systemDictionary.cpp, line 256]
Event: 15.825 Thread 0x000001dab514a010 Exception <a 'java/lang/NoSuchMethodError'{0x000000008431da30}: 'void java.lang.invoke.DirectMethodHandle$Holder.invokeVirtual(java.lang.Object, java.lang.Object, int)'> (0x000000008431da30) 
thrown [e:\jenkins\tmp\workspace\build\src\src\hotspot\share\interpreter\linkResolver.cpp, line 766]
Event: 15.829 Thread 0x000001dab514a010 Exception <a 'java/lang/NoSuchMethodError'{0x0000000084338390}: 'void java.lang.invoke.DirectMethodHandle$Holder.invokeVirtual(java.lang.Object, java.lang.Object, long)'> (0x0000000084338390) 
thrown [e:\jenkins\tmp\workspace\build\src\src\hotspot\share\interpreter\linkResolver.cpp, line 766]
Event: 16.100 Thread 0x000001dab514a010 Exception <a 'java/lang/IncompatibleClassChangeError'{0x0000000083d4c480}: Found class java.lang.Object, but interface was expected> (0x0000000083d4c480) 
thrown [e:\jenkins\tmp\workspace\build\src\src\hotspot\share\interpreter\linkResolver.cpp, line 833]
Event: 16.332 Thread 0x000001dab514a010 Implicit null exception at 0x000001daa484053a to 0x000001daa4840730
Event: 16.512 Thread 0x000001dab514a010 Exception <a 'java/lang/NoSuchMethodError'{0x0000000085078c28}: 'java.lang.Object java.lang.invoke.DirectMethodHandle$Holder.invokeSpecial(java.lang.Object, java.lang.Object, int, java.lang.Object, int, java.lang.Object)'> (0x0000000085078c28) 
thrown [e:\jenkins\tmp\workspace\build\src\src\hotspot\share\interpreter\linkResolver.cpp, line 766]
Event: 16.513 Thread 0x000001dab514a010 Exception <a 'java/lang/NoSuchMethodError'{0x0000000085080cd0}: 'java.lang.Object java.lang.invoke.DirectMethodHandle$Holder.newInvokeSpecial(java.lang.Object, java.lang.Object, int, java.lang.Object, int)'> (0x0000000085080cd0) 
thrown [e:\jenkins\tmp\workspace\build\src\src\hotspot\share\interpreter\linkResolver.cpp, line 766]
Event: 16.522 Thread 0x000001dab514a010 Exception <a 'java/lang/NoSuchMethodError'{0x0000000085084dd0}: 'java.lang.Object java.lang.invoke.DirectMethodHandle$Holder.invokeSpecial(java.lang.Object, java.lang.Object, java.lang.Object, int, java.lang.Object, int)'> (0x0000000085084dd0) 
thrown [e:\jenkins\tmp\workspace\build\src\src\hotspot\share\interpreter\linkResolver.cpp, line 766]
Event: 16.528 Thread 0x000001dab514a010 Exception <a 'java/lang/NoSuchMethodError'{0x000000008508ecc8}: 'void java.lang.invoke.DirectMethodHandle$Holder.invokeVirtual(java.lang.Object, java.lang.Object)'> (0x000000008508ecc8) 
thrown [e:\jenkins\tmp\workspace\build\src\src\hotspot\share\interpreter\linkResolver.cpp, line 766]
Event: 41.516 Thread 0x000001dab4d420c0 Exception <a 'java/lang/NoSuchMethodError'{0x0000000083ebe6e0}: 'java.lang.Object java.lang.invoke.DirectMethodHandle$Holder.invokeStatic(java.lang.Object, int, int)'> (0x0000000083ebe6e0) 
thrown [e:\jenkins\tmp\workspace\build\src\src\hotspot\share\interpreter\linkResolver.cpp, line 766]
Event: 46.171 Thread 0x000001dab7102bb0 Exception <a 'java/lang/NoSuchMethodError'{0x0000000084ae4fb0}: 'java.lang.Object java.lang.invoke.DirectMethodHandle$Holder.invokeInterface(java.lang.Object, java.lang.Object, java.lang.Object, java.lang.Object)'> (0x0000000084ae4fb0) 
thrown [e:\jenkins\tmp\workspace\build\src\src\hotspot\share\interpreter\linkResolver.cpp, line 766]
Event: 46.214 Thread 0x000001dab7102bb0 Exception <a 'java/lang/NoSuchMethodError'{0x00000000849a2e38}: 'java.lang.Object java.lang.invoke.DirectMethodHandle$Holder.invokeStaticInit(java.lang.Object, java.lang.Object, java.lang.Object, java.lang.Object, java.lang.Object, java.lang.Object)'> (0x00000000849a2e38) 
thrown [e:\jenkins\tmp\workspace\build\src\src\hotspot\share\interpreter\linkResolver.cpp, line 766]
Event: 46.227 Thread 0x000001dab7102bb0 Exception <a 'java/lang/NoSuchMethodError'{0x00000000849f4d60}: 'java.lang.Object java.lang.invoke.DirectMethodHandle$Holder.newInvokeSpecial(java.lang.Object, long)'> (0x00000000849f4d60) 
thrown [e:\jenkins\tmp\workspace\build\src\src\hotspot\share\interpreter\linkResolver.cpp, line 766]

VM Operations (20 events):
Event: 92.272 Executing VM operation: Cleanup
Event: 92.272 Executing VM operation: Cleanup done
Event: 92.385 Executing VM operation: G1CollectForAllocation
Event: 92.388 Executing VM operation: G1CollectForAllocation done
Event: 92.521 Executing VM operation: G1CollectForAllocation
Event: 92.524 Executing VM operation: G1CollectForAllocation done
Event: 93.530 Executing VM operation: Cleanup
Event: 93.530 Executing VM operation: Cleanup done
Event: 94.413 Executing VM operation: G1CollectForAllocation
Event: 94.415 Executing VM operation: G1CollectForAllocation done
Event: 94.509 Executing VM operation: G1Concurrent
Event: 94.515 Executing VM operation: G1Concurrent done
Event: 94.559 Executing VM operation: G1Concurrent
Event: 94.559 Executing VM operation: G1Concurrent done
Event: 95.574 Executing VM operation: Cleanup
Event: 95.574 Executing VM operation: Cleanup done
Event: 96.501 Executing VM operation: G1CollectForAllocation
Event: 96.503 Executing VM operation: G1CollectForAllocation done
Event: 97.507 Executing VM operation: Cleanup
Event: 97.507 Executing VM operation: Cleanup done

Events (20 events):
Event: 65.784 loading class jdk/internal/misc/ScopedMemoryAccess$Scope$Handle
Event: 65.784 loading class jdk/internal/misc/ScopedMemoryAccess$Scope$Handle done
Event: 66.111 Thread 0x000001dabb482200 Thread exited: 0x000001dabb482200
Event: 66.521 Thread 0x000001dabb482710 Thread added: 0x000001dabb482710
Event: 67.699 Thread 0x000001dabb482710 Thread exited: 0x000001dabb482710
Event: 68.963 Thread 0x000001dabb483b50 Thread added: 0x000001dabb483b50
Event: 69.077 Thread 0x000001dabb483b50 Thread exited: 0x000001dabb483b50
Event: 69.657 Thread 0x000001dabb483b50 Thread added: 0x000001dabb483b50
Event: 70.797 Thread 0x000001dabb483b50 Thread exited: 0x000001dabb483b50
Event: 77.334 Thread 0x000001dabb482c20 Thread added: 0x000001dabb482c20
Event: 77.550 Thread 0x000001dabb482c20 Thread exited: 0x000001dabb482c20
Event: 80.887 Thread 0x000001dabb481cf0 Thread added: 0x000001dabb481cf0
Event: 81.469 Thread 0x000001dabb481cf0 Thread exited: 0x000001dabb481cf0
Event: 86.031 Thread 0x000001dab382ca30 flushing nmethod 0x000001da9d9acd10
Event: 89.995 Thread 0x000001dabb484060 Thread added: 0x000001dabb484060
Event: 90.267 Thread 0x000001dabb484060 Thread exited: 0x000001dabb484060
Event: 90.327 Thread 0x000001dabb481cf0 Thread added: 0x000001dabb481cf0
Event: 90.563 Thread 0x000001dabb481cf0 Thread exited: 0x000001dabb481cf0
Event: 90.690 Thread 0x000001dabb484060 Thread added: 0x000001dabb484060
Event: 91.057 Thread 0x000001dabb484060 Thread exited: 0x000001dabb484060


Dynamic libraries:
0x00007ff7527e0000 - 0x00007ff7527ee000 	C:\Users\janil\Downloads\sts-4.13.1.RELEASE\plugins\org.eclipse.justj.openjdk.hotspot.jre.full.win32.x86_64_17.0.1.v20211116-1657\jre\bin\javaw.exe
0x00007ffbd4ae0000 - 0x00007ffbd4ce9000 	C:\Windows\SYSTEM32\ntdll.dll
0x00007ffbd37a0000 - 0x00007ffbd385d000 	C:\Windows\System32\KERNEL32.DLL
0x00007ffbd2580000 - 0x00007ffbd28f4000 	C:\Windows\System32\KERNELBASE.dll
0x00007ffbd2460000 - 0x00007ffbd2571000 	C:\Windows\System32\ucrtbase.dll
0x00007ffbb8790000 - 0x00007ffbb87a8000 	C:\Users\janil\Downloads\sts-4.13.1.RELEASE\plugins\org.eclipse.justj.openjdk.hotspot.jre.full.win32.x86_64_17.0.1.v20211116-1657\jre\bin\jli.dll
0x00007ffbd32a0000 - 0x00007ffbd344c000 	C:\Windows\System32\USER32.dll
0x00007ffbd2040000 - 0x00007ffbd2066000 	C:\Windows\System32\win32u.dll
0x00007ffbd3860000 - 0x00007ffbd3889000 	C:\Windows\System32\GDI32.dll
0x00007ffbd2340000 - 0x00007ffbd2452000 	C:\Windows\System32\gdi32full.dll
0x00007ffbd22a0000 - 0x00007ffbd233d000 	C:\Windows\System32\msvcp_win.dll
0x00007ffbb8700000 - 0x00007ffbb8719000 	C:\Users\janil\Downloads\sts-4.13.1.RELEASE\plugins\org.eclipse.justj.openjdk.hotspot.jre.full.win32.x86_64_17.0.1.v20211116-1657\jre\bin\VCRUNTIME140.dll
0x00007ffbc0bb0000 - 0x00007ffbc0e55000 	C:\Windows\WinSxS\amd64_microsoft.windows.common-controls_6595b64144ccf1df_6.0.22000.120_none_9d947278b86cc467\COMCTL32.dll
0x00007ffbd4350000 - 0x00007ffbd43f3000 	C:\Windows\System32\msvcrt.dll
0x00007ffbd31e0000 - 0x00007ffbd3211000 	C:\Windows\System32\IMM32.DLL
0x00007ffbce7b0000 - 0x00007ffbce7bc000 	C:\Users\janil\Downloads\sts-4.13.1.RELEASE\plugins\org.eclipse.justj.openjdk.hotspot.jre.full.win32.x86_64_17.0.1.v20211116-1657\jre\bin\vcruntime140_1.dll
0x00007ffbb2e20000 - 0x00007ffbb2eb1000 	C:\Users\janil\Downloads\sts-4.13.1.RELEASE\plugins\org.eclipse.justj.openjdk.hotspot.jre.full.win32.x86_64_17.0.1.v20211116-1657\jre\bin\msvcp140.dll
0x00007ffb60ae0000 - 0x00007ffb61726000 	C:\Users\janil\Downloads\sts-4.13.1.RELEASE\plugins\org.eclipse.justj.openjdk.hotspot.jre.full.win32.x86_64_17.0.1.v20211116-1657\jre\bin\server\jvm.dll
0x00007ffbd42a0000 - 0x00007ffbd434e000 	C:\Windows\System32\ADVAPI32.dll
0x00007ffbd4400000 - 0x00007ffbd449e000 	C:\Windows\System32\sechost.dll
0x00007ffbd3680000 - 0x00007ffbd37a0000 	C:\Windows\System32\RPCRT4.dll
0x00007ffbd3220000 - 0x00007ffbd3228000 	C:\Windows\System32\PSAPI.DLL
0x00007ffbc1bc0000 - 0x00007ffbc1bc9000 	C:\Windows\SYSTEM32\WSOCK32.dll
0x00007ffbd4810000 - 0x00007ffbd487f000 	C:\Windows\System32\WS2_32.dll
0x00007ffbccc70000 - 0x00007ffbccca3000 	C:\Windows\SYSTEM32\WINMM.dll
0x00007ffbc5050000 - 0x00007ffbc505a000 	C:\Windows\SYSTEM32\VERSION.dll
0x00007ffbd10d0000 - 0x00007ffbd10e8000 	C:\Windows\SYSTEM32\kernel.appcore.dll
0x00007ffbcedf0000 - 0x00007ffbcedfa000 	C:\Users\janil\Downloads\sts-4.13.1.RELEASE\plugins\org.eclipse.justj.openjdk.hotspot.jre.full.win32.x86_64_17.0.1.v20211116-1657\jre\bin\jimage.dll
0x00007ffbc3860000 - 0x00007ffbc3a81000 	C:\Windows\SYSTEM32\DBGHELP.DLL
0x00007ffbc3160000 - 0x00007ffbc3191000 	C:\Windows\SYSTEM32\dbgcore.DLL
0x00007ffbd2900000 - 0x00007ffbd297f000 	C:\Windows\System32\bcryptPrimitives.dll
0x00007ffbc9840000 - 0x00007ffbc9865000 	C:\Users\janil\Downloads\sts-4.13.1.RELEASE\plugins\org.eclipse.justj.openjdk.hotspot.jre.full.win32.x86_64_17.0.1.v20211116-1657\jre\bin\java.dll
0x00007ffbcd2c0000 - 0x00007ffbcd2d8000 	C:\Users\janil\Downloads\sts-4.13.1.RELEASE\plugins\org.eclipse.justj.openjdk.hotspot.jre.full.win32.x86_64_17.0.1.v20211116-1657\jre\bin\zip.dll
0x00007ffbd3920000 - 0x00007ffbd40ce000 	C:\Windows\System32\SHELL32.dll
0x00007ffbd0140000 - 0x00007ffbd09a8000 	C:\Windows\SYSTEM32\windows.storage.dll
0x00007ffbd2e60000 - 0x00007ffbd31d8000 	C:\Windows\System32\combase.dll
0x00007ffbcffd0000 - 0x00007ffbd0136000 	C:\Windows\SYSTEM32\wintypes.dll
0x00007ffbd44b0000 - 0x00007ffbd459a000 	C:\Windows\System32\SHCORE.dll
0x00007ffbd3240000 - 0x00007ffbd329d000 	C:\Windows\System32\shlwapi.dll
0x00007ffbd1f00000 - 0x00007ffbd1f21000 	C:\Windows\SYSTEM32\profapi.dll
0x00007ffbc9820000 - 0x00007ffbc9839000 	C:\Users\janil\Downloads\sts-4.13.1.RELEASE\plugins\org.eclipse.justj.openjdk.hotspot.jre.full.win32.x86_64_17.0.1.v20211116-1657\jre\bin\net.dll
0x00007ffbcbd20000 - 0x00007ffbcbe2c000 	C:\Windows\SYSTEM32\WINHTTP.dll
0x00007ffbd1500000 - 0x00007ffbd1567000 	C:\Windows\system32\mswsock.dll
0x00007ffbc9720000 - 0x00007ffbc9735000 	C:\Users\janil\Downloads\sts-4.13.1.RELEASE\plugins\org.eclipse.justj.openjdk.hotspot.jre.full.win32.x86_64_17.0.1.v20211116-1657\jre\bin\nio.dll
0x00007ffbced90000 - 0x00007ffbceda0000 	C:\Users\janil\Downloads\sts-4.13.1.RELEASE\plugins\org.eclipse.justj.openjdk.hotspot.jre.full.win32.x86_64_17.0.1.v20211116-1657\jre\bin\verify.dll
0x00007ffbce4b0000 - 0x00007ffbce4b9000 	C:\Users\janil\Downloads\sts-4.13.1.RELEASE\plugins\org.eclipse.justj.openjdk.hotspot.jre.full.win32.x86_64_17.0.1.v20211116-1657\jre\bin\management.dll
0x00007ffbcdcb0000 - 0x00007ffbcdcbb000 	C:\Users\janil\Downloads\sts-4.13.1.RELEASE\plugins\org.eclipse.justj.openjdk.hotspot.jre.full.win32.x86_64_17.0.1.v20211116-1657\jre\bin\management_ext.dll
0x00007ffbc0a70000 - 0x00007ffbc0a87000 	C:\Windows\system32\napinsp.dll
0x00007ffbc0a30000 - 0x00007ffbc0a4b000 	C:\Windows\system32\pnrpnsp.dll
0x00007ffbd0c70000 - 0x00007ffbd0d57000 	C:\Windows\SYSTEM32\DNSAPI.dll
0x00007ffbd0c00000 - 0x00007ffbd0c2d000 	C:\Windows\SYSTEM32\IPHLPAPI.DLL
0x00007ffbd44a0000 - 0x00007ffbd44a9000 	C:\Windows\System32\NSI.dll
0x00007ffbc0a10000 - 0x00007ffbc0a22000 	C:\Windows\System32\winrnr.dll
0x00007ffbc09f0000 - 0x00007ffbc0a05000 	C:\Windows\system32\wshbth.dll
0x00007ffbc09d0000 - 0x00007ffbc09ef000 	C:\Windows\system32\nlansp_c.dll
0x00007ffbc7cb0000 - 0x00007ffbc7cba000 	C:\Windows\System32\rasadhlp.dll
0x00007ffbc8440000 - 0x00007ffbc84c1000 	C:\Windows\System32\fwpuclnt.dll
0x00007ffbd1740000 - 0x00007ffbd1758000 	C:\Windows\SYSTEM32\CRYPTSP.dll
0x00007ffbd1030000 - 0x00007ffbd1065000 	C:\Windows\system32\rsaenh.dll
0x00007ffbd15f0000 - 0x00007ffbd1619000 	C:\Windows\SYSTEM32\USERENV.dll
0x00007ffbd18c0000 - 0x00007ffbd18e7000 	C:\Windows\SYSTEM32\bcrypt.dll
0x00007ffbd1760000 - 0x00007ffbd176c000 	C:\Windows\SYSTEM32\CRYPTBASE.dll
0x00007ffbcb870000 - 0x00007ffbcb889000 	C:\Windows\SYSTEM32\dhcpcsvc6.DLL
0x00007ffbccb50000 - 0x00007ffbccb6e000 	C:\Windows\SYSTEM32\dhcpcsvc.DLL
0x00007ffbb4230000 - 0x00007ffbb423e000 	C:\Users\janil\Downloads\sts-4.13.1.RELEASE\plugins\org.eclipse.justj.openjdk.hotspot.jre.full.win32.x86_64_17.0.1.v20211116-1657\jre\bin\sunmscapi.dll
0x00007ffbd2130000 - 0x00007ffbd2292000 	C:\Windows\System32\CRYPT32.dll
0x00007ffbd1890000 - 0x00007ffbd18b8000 	C:\Windows\SYSTEM32\ncrypt.dll
0x00007ffbd1850000 - 0x00007ffbd1887000 	C:\Windows\SYSTEM32\NTASN1.dll
0x00007ffbb50b0000 - 0x00007ffbb50b8000 	C:\Windows\system32\wshunix.dll

dbghelp: loaded successfully - version: 4.0.5 - missing functions: none
symbol engine: initialized successfully - sym options: 0x614 - pdb path: .;C:\Users\janil\Downloads\sts-4.13.1.RELEASE\plugins\org.eclipse.justj.openjdk.hotspot.jre.full.win32.x86_64_17.0.1.v20211116-1657\jre\bin;C:\Windows\SYSTEM32;C:\Windows\WinSxS\amd64_microsoft.windows.common-controls_6595b64144ccf1df_6.0.22000.120_none_9d947278b86cc467;C:\Users\janil\Downloads\sts-4.13.1.RELEASE\plugins\org.eclipse.justj.openjdk.hotspot.jre.full.win32.x86_64_17.0.1.v20211116-1657\jre\bin\server

VM Arguments:
jvm_args: -Dfile.encoding=Cp1252 -XX:+ShowCodeDetailsInExceptionMessages 
java_command: com.recode.SistemaVendasApplication
java_class_path (initial): C:\Users\janil\Desktop\Agencia Viagens\api-agencia\target\classes;C:\Users\janil\.m2\repository\org\springframework\boot\spring-boot-starter-data-jpa\2.6.3\spring-boot-starter-data-jpa-2.6.3.jar;C:\Users\janil\.m2\repository\org\springframework\boot\spring-boot-starter-aop\2.6.3\spring-boot-starter-aop-2.6.3.jar;C:\Users\janil\.m2\repository\org\springframework\spring-aop\5.3.15\spring-aop-5.3.15.jar;C:\Users\janil\.m2\repository\org\aspectj\aspectjweaver\1.9.7\aspectjweaver-1.9.7.jar;C:\Users\janil\.m2\repository\org\springframework\boot\spring-boot-starter-jdbc\2.6.3\spring-boot-starter-jdbc-2.6.3.jar;C:\Users\janil\.m2\repository\com\zaxxer\HikariCP\4.0.3\HikariCP-4.0.3.jar;C:\Users\janil\.m2\repository\org\springframework\spring-jdbc\5.3.15\spring-jdbc-5.3.15.jar;C:\Users\janil\.m2\repository\jakarta\transaction\jakarta.transaction-api\1.3.3\jakarta.transaction-api-1.3.3.jar;C:\Users\janil\.m2\repository\jakarta\persistence\jakarta.persistence-api\2.2.3\jakarta.persistence-api-2.2.3.jar;C:\Users\janil\.m2\repository\org\hibernate\hibernate-core\5.6.4.Final\hibernate-core-5.6.4.Final.jar;C:\Users\janil\.m2\repository\org\jboss\logging\jboss-logging\3.4.3.Final\jboss-logging-3.4.3.Final.jar;C:\Users\janil\.m2\repository\net\bytebuddy\byte-buddy\1.11.22\byte-buddy-1.11.22.jar;C:\Users\janil\.m2\repository\antlr\antlr\2.7.7\antlr-2.7.7.jar;C:\Users\janil\.m2\repository\org\jboss\jandex\2.4.2.Final\jandex-2.4.2.Final.jar;C:\Users\janil\.m2\repository\com\fasterxml\classmate\1.5.1\classmate-1.5.1.jar;C:\Users\janil\.m2\repository\org\hibernate\common\hibernate-commons-annotations\5.1.2.Final\hibernate-commons-annotations-5.1.2.Final.jar;C:\Users\janil\.m2\repository\org\glassfish\jaxb\jaxb-runtime\2.3.5\jaxb-runtime-2.3.5.jar;C:\Users\janil\.m2\repository\org\glassfish\jaxb\txw2\2.3.5\txw2-2.3.5.jar;C:\Users\janil\.m2\repository\com\sun\istack\istack-commons-runtime\3.0.12\istack-commons-runtime-3.0.12.jar;C:\Users\janil\.m2\repository\com
Launcher Type: SUN_STANDARD

[Global flags]
     intx CICompilerCount                          = 3                                         {product} {ergonomic}
     uint ConcGCThreads                            = 1                                         {product} {ergonomic}
     uint G1ConcRefinementThreads                  = 4                                         {product} {ergonomic}
   size_t G1HeapRegionSize                         = 1048576                                   {product} {ergonomic}
    uintx GCDrainStackTargetSize                   = 64                                        {product} {ergonomic}
   size_t InitialHeapSize                          = 134217728                                 {product} {ergonomic}
   size_t MarkStackSize                            = 4194304                                   {product} {ergonomic}
   size_t MaxHeapSize                              = 2122317824                                {product} {ergonomic}
   size_t MaxNewSize                               = 1272971264                                {product} {ergonomic}
   size_t MinHeapDeltaBytes                        = 1048576                                   {product} {ergonomic}
   size_t MinHeapSize                              = 8388608                                   {product} {ergonomic}
    uintx NonNMethodCodeHeapSize                   = 5832780                                {pd product} {ergonomic}
    uintx NonProfiledCodeHeapSize                  = 122912730                              {pd product} {ergonomic}
    uintx ProfiledCodeHeapSize                     = 122912730                              {pd product} {ergonomic}
    uintx ReservedCodeCacheSize                    = 251658240                              {pd product} {ergonomic}
     bool SegmentedCodeCache                       = true                                      {product} {ergonomic}
     bool ShowCodeDetailsInExceptionMessages       = true                                   {manageable} {command line}
   size_t SoftMaxHeapSize                          = 2122317824                             {manageable} {ergonomic}
     bool UseCompressedClassPointers               = true                           {product lp64_product} {ergonomic}
     bool UseCompressedOops                        = true                           {product lp64_product} {ergonomic}
     bool UseG1GC                                  = true                                      {product} {ergonomic}
     bool UseLargePagesIndividualAllocation        = false                                  {pd product} {ergonomic}

Logging:
Log output configuration:
 #0: stdout all=warning uptime,level,tags
 #1: stderr all=off uptime,level,tags

Environment Variables:
JAVA_HOME=C:\Program Files\Java\jdk-17.0.2
PATH=C:/Users/janil/Downloads/sts-4.13.1.RELEASE//plugins/org.eclipse.justj.openjdk.hotspot.jre.full.win32.x86_64_17.0.1.v20211116-1657/jre/bin/server;C:/Users/janil/Downloads/sts-4.13.1.RELEASE//plugins/org.eclipse.justj.openjdk.hotspot.jre.full.win32.x86_64_17.0.1.v20211116-1657/jre/bin;C:\Program Files\Common Files\Oracle\Java\javapath;C:\Program Files\Microsoft MPI\Bin\;C:\Python310\Scripts\;C:\Python310\;C:\Windows\system32;C:\Windows;C:\Windows\System32\Wbem;C:\Windows\System32\WindowsPowerShell\v1.0\;C:\Windows\System32\OpenSSH\;C:\Program Files\nodejs\;C:\ProgramData\chocolatey\bin;C:\Program Files\Microsoft SQL Server\150\Tools\Binn\;C:\Program Files\Microsoft SQL Server\Client SDK\ODBC\170\Tools\Binn\;C:\Program Files\dotnet\;C:\Program Files (x86)\Microsoft SQL Server\150\DTS\Binn\;C:\Program Files\Azure Data Studio\bin;C:\Program Files\Git\cmd;C:\Program Files (x86)\Microsoft SQL Server\150\Tools\Binn\;C:\Program Files\Microsoft SQL Server\150\DTS\Binn\;C:\Program Files (x86)\dotnet\;C:\Program Files\MySQL\MySQL Shell 8.0\bin\;C:\Users\janil\AppData\Local\Microsoft\WindowsApps;C:\Users\janil\AppData\Roaming\npm;C:\Users\janil\.dotnet\tools;C:\Program Files\Azure Data Studio\bin;C:\Users\janil\AppData\Local\Programs\Microsoft VS Code\bin;C:\Users\janil\Downloads\sts-4.13.1.RELEASE;
USERNAME=janil
OS=Windows_NT
PROCESSOR_IDENTIFIER=Intel64 Family 6 Model 58 Stepping 9, GenuineIntel



---------------  S Y S T E M  ---------------

OS:
 Windows 10 , 64 bit Build 22000 (10.0.22000.434)
OS uptime: 0 days 22:45 hours

CPU: total 4 (initial active 4) (2 cores per cpu, 2 threads per core) family 6 model 58 stepping 9 microcode 0x21, cx8, cmov, fxsr, ht, mmx, sse, sse2, sse3, ssse3, sse4.1, sse4.2, popcnt, tsc, tscinvbit, avx, erms, clmul, vzeroupper, clflush

Memory: 4k page, system-wide physical 8090M (1079M free)
TotalPageFile size 22316M (AvailPageFile size 5M)
current process WorkingSet (physical memory assigned to process): 237M, peak: 262M
current process commit charge ("private bytes"): 258M, peak: 285M

vm_info: OpenJDK 64-Bit Server VM (17.0.1+12) for windows-amd64 JRE (17.0.1+12), built on Oct 20 2021 07:42:55 by "" with MS VC++ 16.7 (VS2019)

END.
